[2022-02-13T08:10:19.587Z] Validating found git in: git
[2022-02-13T08:10:19.606Z] Using git 2.25.1 from git
[2022-02-13T08:10:19.624Z] > git rev-parse --git-dir [5ms]
[2022-02-13T08:10:19.627Z] Open repository: /home/local/ZOHOCORP/selva-pt4377/self/xecnon
[2022-02-13T08:10:19.640Z] > git symbolic-ref --short HEAD [1ms]
[2022-02-13T08:10:19.644Z] > git for-each-ref --format=%(refname)%00%(upstream:short)%00%(objectname)%00%(upstream:track) refs/heads/master refs/remotes/master [1ms]
[2022-02-13T08:10:19.652Z] > git remote --verbose [1ms]
[2022-02-13T08:10:19.653Z] > git for-each-ref --sort -committerdate --format %(refname) %(objectname) %(*objectname) [5ms]
[2022-02-13T08:10:19.670Z] > git config --get commit.template [3ms]
[2022-02-13T08:10:21.893Z] > git symbolic-ref --short HEAD [0ms]
[2022-02-13T08:10:21.895Z] > git for-each-ref --format=%(refname)%00%(upstream:short)%00%(objectname)%00%(upstream:track) refs/heads/master refs/remotes/master [0ms]
[2022-02-13T08:10:21.900Z] > git for-each-ref --sort -committerdate --format %(refname) %(objectname) %(*objectname) [2ms]
[2022-02-13T08:10:21.901Z] > git remote --verbose [1ms]
[2022-02-13T08:10:21.914Z] > git config --get commit.template [6ms]
[2022-02-13T08:10:26.948Z] > git symbolic-ref --short HEAD [3ms]
[2022-02-13T08:10:26.962Z] > git for-each-ref --format=%(refname)%00%(upstream:short)%00%(objectname)%00%(upstream:track) refs/heads/master refs/remotes/master [4ms]
[2022-02-13T08:10:26.983Z] > git for-each-ref --sort -committerdate --format %(refname) %(objectname) %(*objectname) [12ms]
[2022-02-13T08:10:26.984Z] > git remote --verbose [4ms]
[2022-02-13T08:10:27.006Z] > git config --get commit.template [2ms]
[2022-02-13T08:10:29.485Z] > git ls-files --stage -- /home/local/ZOHOCORP/selva-pt4377/self/xecnon/src/index.html [1ms]
[2022-02-13T08:10:29.489Z] > git cat-file -s 537cdc375007148ebc851493e296dbc76a8ece3e [1ms]
[2022-02-13T08:10:32.040Z] > git symbolic-ref --short HEAD [2ms]
[2022-02-13T08:10:32.055Z] > git for-each-ref --format=%(refname)%00%(upstream:short)%00%(objectname)%00%(upstream:track) refs/heads/master refs/remotes/master [4ms]
[2022-02-13T08:10:32.078Z] > git for-each-ref --sort -committerdate --format %(refname) %(objectname) %(*objectname) [12ms]
[2022-02-13T08:10:32.079Z] > git remote --verbose [3ms]
[2022-02-13T08:10:32.095Z] > git config --get commit.template [1ms]
[2022-02-13T08:10:37.113Z] > git symbolic-ref --short HEAD [1ms]
[2022-02-13T08:10:37.116Z] > git for-each-ref --format=%(refname)%00%(upstream:short)%00%(objectname)%00%(upstream:track) refs/heads/master refs/remotes/master [0ms]
[2022-02-13T08:10:37.122Z] > git for-each-ref --sort -committerdate --format %(refname) %(objectname) %(*objectname) [3ms]
[2022-02-13T08:10:37.122Z] > git remote --verbose [1ms]
[2022-02-13T08:10:37.129Z] > git config --get commit.template [1ms]
[2022-02-13T08:10:42.140Z] > git symbolic-ref --short HEAD [0ms]
[2022-02-13T08:10:42.144Z] > git for-each-ref --format=%(refname)%00%(upstream:short)%00%(objectname)%00%(upstream:track) refs/heads/master refs/remotes/master [1ms]
[2022-02-13T08:10:42.149Z] > git for-each-ref --sort -committerdate --format %(refname) %(objectname) %(*objectname) [3ms]
[2022-02-13T08:10:42.149Z] > git remote --verbose [1ms]
[2022-02-13T08:10:42.156Z] > git config --get commit.template [1ms]
