[2022-02-13 13:47:57.610] [main] [info] update#setState idle
[2022-02-13 13:47:57.686] [main] [info] ExtensionHostStarterWorker created
[2022-02-13 13:47:58.365] [main] [info] Starting extension host with pid 7846 (fork() took 9 ms).
[2022-02-13 13:47:58.365] [main] [info] ExtensionHostStarterWorker.start() took 17 ms.
[2022-02-13 13:47:58.517] [main] [warning] Switching to using in-memory credential store instead because Keytar failed to load: Unknown or unsupported transport “disabled” for address “disabled:”
[2022-02-13 13:48:08.415] [main] [info] Extension host with pid 7846 exited with code: 0, signal: null.
[2022-02-13 13:48:09.128] [main] [info] Starting extension host with pid 7941 (fork() took 4 ms).
[2022-02-13 13:48:09.129] [main] [info] ExtensionHostStarterWorker.start() took 5 ms.
[2022-02-13 13:48:27.616] [main] [info] update#setState checking for updates
[2022-02-13 13:48:27.619] [main] [info] update#setState idle
[2022-02-13 14:48:27.693] [main] [info] update#setState checking for updates
[2022-02-13 14:48:27.696] [main] [info] update#setState idle
[2022-02-13 15:48:27.697] [main] [info] update#setState checking for updates
[2022-02-13 15:48:27.700] [main] [info] update#setState idle
[2022-02-13 16:48:27.702] [main] [info] update#setState checking for updates
[2022-02-13 16:48:27.705] [main] [info] update#setState idle
[2022-02-13 17:48:27.705] [main] [info] update#setState checking for updates
[2022-02-13 17:48:27.707] [main] [info] update#setState idle
[2022-02-13 18:48:27.708] [main] [info] update#setState checking for updates
[2022-02-13 18:48:27.711] [main] [info] update#setState idle
[2022-02-13 19:48:27.711] [main] [info] update#setState checking for updates
[2022-02-13 19:48:27.715] [main] [info] update#setState idle
[2022-02-13 20:24:14.645] [main] [info] Waiting for extension host with pid 7941 to exit.
[2022-02-13 20:24:14.661] [main] [info] Extension host with pid 7941 exited with code: 0, signal: null.
