[2022-02-13 13:39:23.768] [exthost] [info] Extension host with pid 6100 started
[2022-02-13 13:39:23.799] [exthost] [info] ExtensionService#_doActivateExtension vscode.microsoft-authentication, startup: false, activationEvent: 'onAuthenticationRequest:microsoft'
[2022-02-13 13:39:23.829] [exthost] [info] ExtensionService#_doActivateExtension vscode.debug-auto-launch, startup: true, activationEvent: '*'
[2022-02-13 13:39:23.831] [exthost] [info] ExtensionService#_doActivateExtension vscode.git-base, startup: true, activationEvent: '*', root cause: vscode.github
[2022-02-13 13:39:23.849] [exthost] [info] ExtensionService#_doActivateExtension vscode.git, startup: true, activationEvent: '*'
[2022-02-13 13:39:23.902] [exthost] [info] ExtensionService#_doActivateExtension vscode.github, startup: true, activationEvent: '*'
[2022-02-13 13:39:23.939] [exthost] [info] Eager extensions activated
[2022-02-13 13:39:23.939] [exthost] [info] ExtensionService#_doActivateExtension vscode.github-authentication, startup: false, activationEvent: 'onAuthenticationRequest:github'
[2022-02-13 13:39:23.993] [exthost] [info] ExtensionService#_doActivateExtension vscode.emmet, startup: false, activationEvent: 'onStartupFinished'
[2022-02-13 13:39:24.013] [exthost] [info] ExtensionService#_doActivateExtension vscode.merge-conflict, startup: false, activationEvent: 'onStartupFinished'
[2022-02-13 13:40:15.303] [exthost] [info] extension host terminating: renderer closed the socket
[2022-02-13 13:40:15.306] [exthost] [info] Extension host with pid 6100 exiting with code 0
[2022-02-13 13:40:16.544] [exthost] [info] Extension host with pid 6220 started
[2022-02-13 13:40:16.544] [exthost] [info] Skipping acquiring lock for /home/local/ZOHOCORP/selva-pt4377/self/xecnon/User/workspaceStorage/129316c024b040d6ed291f9694b3ea99.
[2022-02-13 13:40:16.576] [exthost] [info] ExtensionService#_doActivateExtension vscode.microsoft-authentication, startup: false, activationEvent: 'onAuthenticationRequest:microsoft'
[2022-02-13 13:40:16.585] [exthost] [info] ExtensionService#_doActivateExtension vscode.debug-auto-launch, startup: true, activationEvent: '*'
[2022-02-13 13:40:16.586] [exthost] [info] ExtensionService#_doActivateExtension vscode.git-base, startup: true, activationEvent: '*', root cause: vscode.github
[2022-02-13 13:40:16.621] [exthost] [info] ExtensionService#_doActivateExtension vscode.npm, startup: true, activationEvent: 'workspaceContains:package.json'
[2022-02-13 13:40:16.658] [exthost] [info] ExtensionService#_doActivateExtension vscode.github, startup: true, activationEvent: '*'
[2022-02-13 13:40:16.697] [exthost] [info] ExtensionService#_doActivateExtension vscode.github-authentication, startup: false, activationEvent: 'onAuthenticationRequest:github'
[2022-02-13 13:40:16.710] [exthost] [info] Eager extensions activated
[2022-02-13 13:40:16.719] [exthost] [info] ExtensionService#_doActivateExtension vscode.emmet, startup: false, activationEvent: 'onStartupFinished'
[2022-02-13 13:40:16.723] [exthost] [info] ExtensionService#_doActivateExtension vscode.merge-conflict, startup: false, activationEvent: 'onStartupFinished'
[2022-02-13 13:40:19.570] [exthost] [info] ExtensionService#_doActivateExtension vscode.git, startup: false, activationEvent: 'api', root cause: vscode.github
[2022-02-13 13:40:29.297] [exthost] [info] ExtensionService#_doActivateExtension vscode.html-language-features, startup: false, activationEvent: 'onLanguage:html'
