[2022-02-13T08:18:10.320Z] Validating found git in: git
[2022-02-13T08:18:10.347Z] Using git 2.25.1 from git
[2022-02-13T08:18:10.362Z] > git rev-parse --git-dir [0ms]
[2022-02-13T08:18:10.365Z] Open repository: /home/local/ZOHOCORP/selva-pt4377/self/xecnon
[2022-02-13T08:18:10.385Z] > git symbolic-ref --short HEAD [1ms]
[2022-02-13T08:18:10.389Z] > git for-each-ref --format=%(refname)%00%(upstream:short)%00%(objectname)%00%(upstream:track) refs/heads/master refs/remotes/master [1ms]
[2022-02-13T08:18:10.396Z] > git remote --verbose [1ms]
[2022-02-13T08:18:10.396Z] > git for-each-ref --sort -committerdate --format %(refname) %(objectname) %(*objectname) [4ms]
[2022-02-13T08:18:10.412Z] > git config --get commit.template [6ms]
[2022-02-13T08:18:10.751Z] > git ls-files --stage -- /home/local/ZOHOCORP/selva-pt4377/self/xecnon/src/app/homeimg/homeimg.component.css [4ms]
[2022-02-13T08:18:10.763Z] > git cat-file -s 2ed00ef028da65ba5e70148f63e533de66bb6541 [3ms]
[2022-02-13T08:18:12.659Z] > git symbolic-ref --short HEAD [1ms]
[2022-02-13T08:18:12.662Z] > git for-each-ref --format=%(refname)%00%(upstream:short)%00%(objectname)%00%(upstream:track) refs/heads/master refs/remotes/master [1ms]
[2022-02-13T08:18:12.667Z] > git for-each-ref --sort -committerdate --format %(refname) %(objectname) %(*objectname) [2ms]
[2022-02-13T08:18:12.668Z] > git remote --verbose [1ms]
[2022-02-13T08:18:12.674Z] > git config --get commit.template [1ms]
[2022-02-13T08:18:17.717Z] > git symbolic-ref --short HEAD [3ms]
[2022-02-13T08:18:17.730Z] > git for-each-ref --format=%(refname)%00%(upstream:short)%00%(objectname)%00%(upstream:track) refs/heads/master refs/remotes/master [3ms]
[2022-02-13T08:18:17.746Z] > git for-each-ref --sort -committerdate --format %(refname) %(objectname) %(*objectname) [8ms]
[2022-02-13T08:18:17.746Z] > git remote --verbose [2ms]
[2022-02-13T08:18:17.759Z] > git config --get commit.template [2ms]
[2022-02-13T08:18:22.771Z] > git symbolic-ref --short HEAD [1ms]
[2022-02-13T08:18:22.774Z] > git for-each-ref --format=%(refname)%00%(upstream:short)%00%(objectname)%00%(upstream:track) refs/heads/master refs/remotes/master [1ms]
[2022-02-13T08:18:22.779Z] > git for-each-ref --sort -committerdate --format %(refname) %(objectname) %(*objectname) [3ms]
[2022-02-13T08:18:22.779Z] > git remote --verbose [1ms]
[2022-02-13T08:18:22.784Z] > git config --get commit.template [1ms]
[2022-02-13T08:18:27.796Z] > git symbolic-ref --short HEAD [0ms]
[2022-02-13T08:18:27.799Z] > git for-each-ref --format=%(refname)%00%(upstream:short)%00%(objectname)%00%(upstream:track) refs/heads/master refs/remotes/master [1ms]
[2022-02-13T08:18:27.804Z] > git for-each-ref --sort -committerdate --format %(refname) %(objectname) %(*objectname) [3ms]
[2022-02-13T08:18:27.805Z] > git remote --verbose [2ms]
[2022-02-13T08:18:27.810Z] > git config --get commit.template [1ms]
[2022-02-13T08:18:32.824Z] > git symbolic-ref --short HEAD [1ms]
[2022-02-13T08:18:32.827Z] > git for-each-ref --format=%(refname)%00%(upstream:short)%00%(objectname)%00%(upstream:track) refs/heads/master refs/remotes/master [1ms]
[2022-02-13T08:18:32.832Z] > git for-each-ref --sort -committerdate --format %(refname) %(objectname) %(*objectname) [3ms]
[2022-02-13T08:18:32.832Z] > git remote --verbose [1ms]
[2022-02-13T08:18:32.837Z] > git config --get commit.template [0ms]
[2022-02-13T08:18:37.852Z] > git symbolic-ref --short HEAD [1ms]
[2022-02-13T08:18:37.854Z] > git for-each-ref --format=%(refname)%00%(upstream:short)%00%(objectname)%00%(upstream:track) refs/heads/master refs/remotes/master [0ms]
[2022-02-13T08:18:37.859Z] > git for-each-ref --sort -committerdate --format %(refname) %(objectname) %(*objectname) [2ms]
[2022-02-13T08:18:37.859Z] > git remote --verbose [1ms]
[2022-02-13T08:18:37.864Z] > git config --get commit.template [0ms]
[2022-02-13T08:18:42.883Z] > git symbolic-ref --short HEAD [1ms]
[2022-02-13T08:18:42.885Z] > git for-each-ref --format=%(refname)%00%(upstream:short)%00%(objectname)%00%(upstream:track) refs/heads/master refs/remotes/master [0ms]
[2022-02-13T08:18:42.890Z] > git for-each-ref --sort -committerdate --format %(refname) %(objectname) %(*objectname) [3ms]
[2022-02-13T08:18:42.890Z] > git remote --verbose [1ms]
[2022-02-13T08:18:42.895Z] > git config --get commit.template [1ms]
[2022-02-13T08:18:47.910Z] > git symbolic-ref --short HEAD [1ms]
[2022-02-13T08:18:47.912Z] > git for-each-ref --format=%(refname)%00%(upstream:short)%00%(objectname)%00%(upstream:track) refs/heads/master refs/remotes/master [0ms]
[2022-02-13T08:18:47.917Z] > git for-each-ref --sort -committerdate --format %(refname) %(objectname) %(*objectname) [2ms]
[2022-02-13T08:18:47.918Z] > git remote --verbose [1ms]
[2022-02-13T08:18:47.923Z] > git config --get commit.template [1ms]
[2022-02-13T08:18:52.933Z] > git symbolic-ref --short HEAD [1ms]
[2022-02-13T08:18:52.936Z] > git for-each-ref --format=%(refname)%00%(upstream:short)%00%(objectname)%00%(upstream:track) refs/heads/master refs/remotes/master [1ms]
[2022-02-13T08:18:52.941Z] > git for-each-ref --sort -committerdate --format %(refname) %(objectname) %(*objectname) [3ms]
[2022-02-13T08:18:52.942Z] > git remote --verbose [1ms]
[2022-02-13T08:18:52.947Z] > git config --get commit.template [1ms]
[2022-02-13T08:18:57.978Z] > git symbolic-ref --short HEAD [2ms]
[2022-02-13T08:18:57.989Z] > git for-each-ref --format=%(refname)%00%(upstream:short)%00%(objectname)%00%(upstream:track) refs/heads/master refs/remotes/master [3ms]
[2022-02-13T08:18:58.006Z] > git for-each-ref --sort -committerdate --format %(refname) %(objectname) %(*objectname) [9ms]
[2022-02-13T08:18:58.007Z] > git remote --verbose [3ms]
[2022-02-13T08:18:58.023Z] > git config --get commit.template [2ms]
[2022-02-13T08:19:03.042Z] > git symbolic-ref --short HEAD [1ms]
[2022-02-13T08:19:03.045Z] > git for-each-ref --format=%(refname)%00%(upstream:short)%00%(objectname)%00%(upstream:track) refs/heads/master refs/remotes/master [1ms]
[2022-02-13T08:19:03.049Z] > git for-each-ref --sort -committerdate --format %(refname) %(objectname) %(*objectname) [2ms]
[2022-02-13T08:19:03.050Z] > git remote --verbose [1ms]
[2022-02-13T08:19:03.054Z] > git config --get commit.template [1ms]
[2022-02-13T08:19:07.257Z] > git ls-files --stage -- /home/local/ZOHOCORP/selva-pt4377/self/xecnon/dist/xecnon/index.html [1ms]
[2022-02-13T08:19:08.065Z] > git symbolic-ref --short HEAD [0ms]
[2022-02-13T08:19:08.069Z] > git for-each-ref --format=%(refname)%00%(upstream:short)%00%(objectname)%00%(upstream:track) refs/heads/master refs/remotes/master [1ms]
[2022-02-13T08:19:08.076Z] > git for-each-ref --sort -committerdate --format %(refname) %(objectname) %(*objectname) [4ms]
[2022-02-13T08:19:08.076Z] > git remote --verbose [1ms]
[2022-02-13T08:19:08.082Z] > git config --get commit.template [1ms]
[2022-02-13T08:19:13.096Z] > git symbolic-ref --short HEAD [1ms]
[2022-02-13T08:19:13.100Z] > git for-each-ref --format=%(refname)%00%(upstream:short)%00%(objectname)%00%(upstream:track) refs/heads/master refs/remotes/master [1ms]
[2022-02-13T08:19:13.105Z] > git for-each-ref --sort -committerdate --format %(refname) %(objectname) %(*objectname) [3ms]
[2022-02-13T08:19:13.105Z] > git remote --verbose [1ms]
[2022-02-13T08:19:13.110Z] > git config --get commit.template [1ms]
[2022-02-13T08:24:33.187Z] > git symbolic-ref --short HEAD [1ms]
[2022-02-13T08:24:33.191Z] > git for-each-ref --format=%(refname)%00%(upstream:short)%00%(objectname)%00%(upstream:track) refs/heads/master refs/remotes/master [0ms]
[2022-02-13T08:24:33.197Z] > git for-each-ref --sort -committerdate --format %(refname) %(objectname) %(*objectname) [4ms]
[2022-02-13T08:24:33.197Z] > git remote --verbose [1ms]
[2022-02-13T08:24:33.204Z] > git config --get commit.template [1ms]
[2022-02-13T08:24:38.217Z] > git symbolic-ref --short HEAD [1ms]
[2022-02-13T08:24:38.220Z] > git for-each-ref --format=%(refname)%00%(upstream:short)%00%(objectname)%00%(upstream:track) refs/heads/master refs/remotes/master [1ms]
[2022-02-13T08:24:38.224Z] > git for-each-ref --sort -committerdate --format %(refname) %(objectname) %(*objectname) [2ms]
[2022-02-13T08:24:38.225Z] > git remote --verbose [1ms]
[2022-02-13T08:24:38.230Z] > git config --get commit.template [1ms]
[2022-02-13T08:24:43.271Z] > git symbolic-ref --short HEAD [3ms]
[2022-02-13T08:24:43.284Z] > git for-each-ref --format=%(refname)%00%(upstream:short)%00%(objectname)%00%(upstream:track) refs/heads/master refs/remotes/master [3ms]
[2022-02-13T08:24:43.307Z] > git for-each-ref --sort -committerdate --format %(refname) %(objectname) %(*objectname) [12ms]
[2022-02-13T08:24:43.308Z] > git remote --verbose [4ms]
[2022-02-13T08:24:43.327Z] > git config --get commit.template [7ms]
[2022-02-13T08:24:48.341Z] > git symbolic-ref --short HEAD [1ms]
[2022-02-13T08:24:48.345Z] > git for-each-ref --format=%(refname)%00%(upstream:short)%00%(objectname)%00%(upstream:track) refs/heads/master refs/remotes/master [1ms]
[2022-02-13T08:24:48.352Z] > git for-each-ref --sort -committerdate --format %(refname) %(objectname) %(*objectname) [4ms]
[2022-02-13T08:24:48.353Z] > git remote --verbose [1ms]
[2022-02-13T08:24:48.360Z] > git config --get commit.template [2ms]
[2022-02-13T08:24:53.380Z] > git symbolic-ref --short HEAD [1ms]
[2022-02-13T08:24:53.384Z] > git for-each-ref --format=%(refname)%00%(upstream:short)%00%(objectname)%00%(upstream:track) refs/heads/master refs/remotes/master [1ms]
[2022-02-13T08:24:53.389Z] > git for-each-ref --sort -committerdate --format %(refname) %(objectname) %(*objectname) [2ms]
[2022-02-13T08:24:53.390Z] > git remote --verbose [1ms]
[2022-02-13T08:24:53.395Z] > git config --get commit.template [0ms]
[2022-02-13T08:24:58.416Z] > git symbolic-ref --short HEAD [1ms]
[2022-02-13T08:24:58.419Z] > git for-each-ref --format=%(refname)%00%(upstream:short)%00%(objectname)%00%(upstream:track) refs/heads/master refs/remotes/master [1ms]
[2022-02-13T08:24:58.424Z] > git for-each-ref --sort -committerdate --format %(refname) %(objectname) %(*objectname) [3ms]
[2022-02-13T08:24:58.425Z] > git remote --verbose [1ms]
[2022-02-13T08:24:58.430Z] > git config --get commit.template [1ms]
[2022-02-13T08:25:01.546Z] > git ls-files --stage -- /home/local/ZOHOCORP/selva-pt4377/self/xecnon/src/index.html [2ms]
[2022-02-13T08:25:01.551Z] > git cat-file -s 537cdc375007148ebc851493e296dbc76a8ece3e [1ms]
[2022-02-13T08:25:03.443Z] > git symbolic-ref --short HEAD [0ms]
[2022-02-13T08:25:03.446Z] > git for-each-ref --format=%(refname)%00%(upstream:short)%00%(objectname)%00%(upstream:track) refs/heads/master refs/remotes/master [1ms]
[2022-02-13T08:25:03.451Z] > git for-each-ref --sort -committerdate --format %(refname) %(objectname) %(*objectname) [3ms]
[2022-02-13T08:25:03.451Z] > git remote --verbose [0ms]
[2022-02-13T08:25:03.458Z] > git config --get commit.template [1ms]
[2022-02-13T08:25:08.470Z] > git symbolic-ref --short HEAD [1ms]
[2022-02-13T08:25:08.473Z] > git for-each-ref --format=%(refname)%00%(upstream:short)%00%(objectname)%00%(upstream:track) refs/heads/master refs/remotes/master [1ms]
[2022-02-13T08:25:08.478Z] > git for-each-ref --sort -committerdate --format %(refname) %(objectname) %(*objectname) [3ms]
[2022-02-13T08:25:08.478Z] > git remote --verbose [1ms]
[2022-02-13T08:25:08.483Z] > git config --get commit.template [1ms]
[2022-02-13T08:25:12.757Z] > git ls-files --stage -- /home/local/ZOHOCORP/selva-pt4377/self/xecnon/src/index.html [0ms]
[2022-02-13T08:25:12.760Z] > git cat-file -s c794ab7de041347c691d635b9a4d346d0cb991d5 [0ms]
[2022-02-13T08:25:13.498Z] > git symbolic-ref --short HEAD [1ms]
[2022-02-13T08:25:13.501Z] > git for-each-ref --format=%(refname)%00%(upstream:short)%00%(objectname)%00%(upstream:track) refs/heads/master refs/remotes/master [1ms]
[2022-02-13T08:25:13.506Z] > git for-each-ref --sort -committerdate --format %(refname) %(objectname) %(*objectname) [3ms]
[2022-02-13T08:25:13.506Z] > git remote --verbose [1ms]
[2022-02-13T08:25:13.512Z] > git config --get commit.template [1ms]
