[Info  - 08:48:10.547] Reading sessions from keychain...
[Info  - 08:48:10.559] Getting sessions for user:email...
[Info  - 08:48:10.559] Got 0 sessions for user:email...
[Info  - 08:48:10.566] Getting sessions for all scopes...
[Info  - 08:48:10.566] Got 0 sessions for ...
[Info  - 08:48:54.210] Getting sessions for repo,workflow...
[Info  - 08:48:54.211] Got 0 sessions for repo,workflow...
[Info  - 08:48:57.282] Logging in for the following scopes: repo workflow
[Info  - 08:55:29.34] Getting sessions for repo,workflow...
[Info  - 08:55:29.34] Got 0 sessions for repo,workflow...
[Info  - 08:55:34.480] Logging in for the following scopes: repo workflow
[Info  - 08:56:53.927] Getting sessions for repo,workflow...
[Info  - 08:56:53.927] Got 0 sessions for repo,workflow...
[Info  - 08:56:55.593] Logging in for the following scopes: repo workflow
[Info  - 08:02:31.897] Getting sessions for repo,workflow...
[Info  - 08:02:31.897] Got 0 sessions for repo,workflow...
[Info  - 08:02:34.727] Logging in for the following scopes: repo workflow
[Info  - 09:30:58.124] Getting sessions for repo,workflow...
[Info  - 09:30:58.124] Got 0 sessions for repo,workflow...
[Info  - 09:31:00.215] Logging in for the following scopes: repo workflow
[Info  - 09:33:41.519] Getting sessions for repo,workflow...
[Info  - 09:33:41.519] Got 0 sessions for repo,workflow...
[Info  - 09:33:47.935] Logging in for the following scopes: repo workflow
[Info  - 10:14:54.300] Getting sessions for repo,workflow...
[Info  - 10:14:54.301] Got 0 sessions for repo,workflow...
[Info  - 10:14:56.598] Logging in for the following scopes: repo workflow
[Info  - 10:16:59.763] Getting sessions for repo,workflow...
[Info  - 10:16:59.763] Got 0 sessions for repo,workflow...
[Info  - 10:17:01.835] Logging in for the following scopes: repo workflow
[Info  - 13:30:54.701] Getting sessions for repo,workflow...
[Info  - 13:30:54.701] Got 0 sessions for repo,workflow...
[Info  - 13:30:56.232] Logging in for the following scopes: repo workflow
[Info  - 13:32:18.211] Getting sessions for repo,workflow...
[Info  - 13:32:18.211] Got 0 sessions for repo,workflow...
[Info  - 13:32:19.810] Logging in for the following scopes: repo workflow
[Info  - 13:34:46.230] Getting sessions for repo,workflow...
[Info  - 13:34:46.230] Got 0 sessions for repo,workflow...
[Info  - 13:34:47.700] Logging in for the following scopes: repo workflow
[Info  - 13:37:31.774] Getting sessions for repo,workflow...
[Info  - 13:37:31.774] Got 0 sessions for repo,workflow...
[Info  - 13:37:33.460] Logging in for the following scopes: repo workflow
[Info  - 13:45:36.142] Getting sessions for repo,workflow...
[Info  - 13:45:36.142] Got 0 sessions for repo,workflow...
[Info  - 13:45:37.667] Logging in for the following scopes: repo workflow
[Info  - 13:46:57.453] Getting sessions for repo,workflow...
[Info  - 13:46:57.453] Got 0 sessions for repo,workflow...
[Info  - 13:48:19.397] Logging in for the following scopes: repo workflow
[Info  - 13:50:16.132] Getting sessions for repo,workflow...
[Info  - 13:50:16.132] Got 0 sessions for repo,workflow...
[Info  - 13:50:18.195] Logging in for the following scopes: repo workflow
