[2022-02-21T06:27:42.608Z] Validating found git in: git
[2022-02-21T06:27:42.638Z] Using git 2.25.1 from git
[2022-02-21T06:27:42.650Z] > git rev-parse --git-dir [1ms]
[2022-02-21T06:27:42.654Z] Open repository: /home/local/ZOHOCORP/selva-pt4377/self/xecnon
[2022-02-21T06:27:42.668Z] > git symbolic-ref --short HEAD [1ms]
[2022-02-21T06:27:42.671Z] > git for-each-ref --format=%(refname)%00%(upstream:short)%00%(objectname)%00%(upstream:track) refs/heads/master refs/remotes/master [1ms]
[2022-02-21T06:27:42.677Z] > git remote --verbose [1ms]
[2022-02-21T06:27:42.677Z] > git for-each-ref --sort -committerdate --format %(refname) %(objectname) %(*objectname) [3ms]
[2022-02-21T06:27:42.683Z] > git config --get commit.template [1ms]
[2022-02-21T06:27:43.021Z] > git ls-files --stage -- /home/local/ZOHOCORP/selva-pt4377/self/xecnon/src/app/foot/foot.component.html [3ms]
[2022-02-21T06:27:43.024Z] > git cat-file -s de8c0a6ca4c4d3e6e58b52f9a9b7ebe9938893b7 [0ms]
[2022-02-21T06:27:45.315Z] > git symbolic-ref --short HEAD [1ms]
[2022-02-21T06:27:45.318Z] > git for-each-ref --format=%(refname)%00%(upstream:short)%00%(objectname)%00%(upstream:track) refs/heads/master refs/remotes/master [1ms]
[2022-02-21T06:27:45.324Z] > git for-each-ref --sort -committerdate --format %(refname) %(objectname) %(*objectname) [3ms]
[2022-02-21T06:27:45.324Z] > git remote --verbose [1ms]
[2022-02-21T06:27:45.330Z] > git config --get commit.template [1ms]
[2022-02-21T06:27:50.375Z] > git symbolic-ref --short HEAD [3ms]
[2022-02-21T06:27:50.389Z] > git for-each-ref --format=%(refname)%00%(upstream:short)%00%(objectname)%00%(upstream:track) refs/heads/master refs/remotes/master [4ms]
[2022-02-21T06:27:50.411Z] > git remote --verbose [2ms]
[2022-02-21T06:27:50.411Z] > git for-each-ref --sort -committerdate --format %(refname) %(objectname) %(*objectname) [9ms]
[2022-02-21T06:27:50.420Z] > git config --get commit.template [1ms]
[2022-02-21T06:27:54.451Z] > git ls-files --stage -- /home/local/ZOHOCORP/selva-pt4377/self/xecnon/src/app/homeimg/homeimg.component.html [4ms]
[2022-02-21T06:27:54.465Z] > git cat-file -s b0d98a817ebadaf888d9c9c655b37f1420f87278 [4ms]
[2022-02-21T06:27:55.468Z] > git symbolic-ref --short HEAD [3ms]
[2022-02-21T06:27:55.480Z] > git for-each-ref --format=%(refname)%00%(upstream:short)%00%(objectname)%00%(upstream:track) refs/heads/master refs/remotes/master [2ms]
[2022-02-21T06:27:55.492Z] > git for-each-ref --sort -committerdate --format %(refname) %(objectname) %(*objectname) [6ms]
[2022-02-21T06:27:55.492Z] > git remote --verbose [1ms]
[2022-02-21T06:27:55.499Z] > git config --get commit.template [1ms]
[2022-02-21T06:28:00.519Z] > git symbolic-ref --short HEAD [0ms]
[2022-02-21T06:28:00.522Z] > git for-each-ref --format=%(refname)%00%(upstream:short)%00%(objectname)%00%(upstream:track) refs/heads/master refs/remotes/master [0ms]
[2022-02-21T06:28:00.527Z] > git for-each-ref --sort -committerdate --format %(refname) %(objectname) %(*objectname) [2ms]
[2022-02-21T06:28:00.528Z] > git remote --verbose [1ms]
[2022-02-21T06:28:00.533Z] > git config --get commit.template [1ms]
[2022-02-21T06:28:05.548Z] > git symbolic-ref --short HEAD [1ms]
[2022-02-21T06:28:05.551Z] > git for-each-ref --format=%(refname)%00%(upstream:short)%00%(objectname)%00%(upstream:track) refs/heads/master refs/remotes/master [1ms]
[2022-02-21T06:28:05.556Z] > git for-each-ref --sort -committerdate --format %(refname) %(objectname) %(*objectname) [3ms]
[2022-02-21T06:28:05.556Z] > git remote --verbose [1ms]
[2022-02-21T06:28:05.562Z] > git config --get commit.template [0ms]
[2022-02-21T06:28:10.582Z] > git symbolic-ref --short HEAD [0ms]
[2022-02-21T06:28:10.586Z] > git for-each-ref --format=%(refname)%00%(upstream:short)%00%(objectname)%00%(upstream:track) refs/heads/master refs/remotes/master [1ms]
[2022-02-21T06:28:10.590Z] > git for-each-ref --sort -committerdate --format %(refname) %(objectname) %(*objectname) [2ms]
[2022-02-21T06:28:10.591Z] > git remote --verbose [1ms]
[2022-02-21T06:28:10.597Z] > git config --get commit.template [2ms]
[2022-02-21T06:28:15.612Z] > git symbolic-ref --short HEAD [0ms]
[2022-02-21T06:28:15.615Z] > git for-each-ref --format=%(refname)%00%(upstream:short)%00%(objectname)%00%(upstream:track) refs/heads/master refs/remotes/master [1ms]
[2022-02-21T06:28:15.621Z] > git for-each-ref --sort -committerdate --format %(refname) %(objectname) %(*objectname) [3ms]
[2022-02-21T06:28:15.621Z] > git remote --verbose [1ms]
[2022-02-21T06:28:15.627Z] > git config --get commit.template [1ms]
[2022-02-21T06:28:20.667Z] > git symbolic-ref --short HEAD [4ms]
[2022-02-21T06:28:20.673Z] > git for-each-ref --format=%(refname)%00%(upstream:short)%00%(objectname)%00%(upstream:track) refs/heads/master refs/remotes/master [2ms]
[2022-02-21T06:28:20.680Z] > git for-each-ref --sort -committerdate --format %(refname) %(objectname) %(*objectname) [4ms]
[2022-02-21T06:28:20.681Z] > git remote --verbose [2ms]
[2022-02-21T06:28:20.686Z] > git config --get commit.template [1ms]
[2022-02-21T06:28:25.700Z] > git symbolic-ref --short HEAD [1ms]
[2022-02-21T06:28:25.703Z] > git for-each-ref --format=%(refname)%00%(upstream:short)%00%(objectname)%00%(upstream:track) refs/heads/master refs/remotes/master [0ms]
[2022-02-21T06:28:25.707Z] > git for-each-ref --sort -committerdate --format %(refname) %(objectname) %(*objectname) [2ms]
[2022-02-21T06:28:25.707Z] > git remote --verbose [1ms]
[2022-02-21T06:28:25.712Z] > git config --get commit.template [1ms]
[2022-02-21T06:28:30.726Z] > git symbolic-ref --short HEAD [0ms]
[2022-02-21T06:28:30.729Z] > git for-each-ref --format=%(refname)%00%(upstream:short)%00%(objectname)%00%(upstream:track) refs/heads/master refs/remotes/master [1ms]
[2022-02-21T06:28:30.734Z] > git for-each-ref --sort -committerdate --format %(refname) %(objectname) %(*objectname) [3ms]
[2022-02-21T06:28:30.734Z] > git remote --verbose [1ms]
[2022-02-21T06:28:30.739Z] > git config --get commit.template [1ms]
[2022-02-21T06:28:35.758Z] > git symbolic-ref --short HEAD [1ms]
[2022-02-21T06:28:35.761Z] > git for-each-ref --format=%(refname)%00%(upstream:short)%00%(objectname)%00%(upstream:track) refs/heads/master refs/remotes/master [1ms]
[2022-02-21T06:28:35.766Z] > git for-each-ref --sort -committerdate --format %(refname) %(objectname) %(*objectname) [3ms]
[2022-02-21T06:28:35.766Z] > git remote --verbose [0ms]
[2022-02-21T06:28:35.771Z] > git config --get commit.template [1ms]
[2022-02-21T06:28:40.789Z] > git symbolic-ref --short HEAD [0ms]
[2022-02-21T06:28:40.792Z] > git for-each-ref --format=%(refname)%00%(upstream:short)%00%(objectname)%00%(upstream:track) refs/heads/master refs/remotes/master [1ms]
[2022-02-21T06:28:40.797Z] > git for-each-ref --sort -committerdate --format %(refname) %(objectname) %(*objectname) [3ms]
[2022-02-21T06:28:40.797Z] > git remote --verbose [1ms]
[2022-02-21T06:28:40.802Z] > git config --get commit.template [1ms]
[2022-02-21T06:28:45.814Z] > git symbolic-ref --short HEAD [1ms]
[2022-02-21T06:28:45.818Z] > git for-each-ref --format=%(refname)%00%(upstream:short)%00%(objectname)%00%(upstream:track) refs/heads/master refs/remotes/master [1ms]
[2022-02-21T06:28:45.823Z] > git for-each-ref --sort -committerdate --format %(refname) %(objectname) %(*objectname) [2ms]
[2022-02-21T06:28:45.824Z] > git remote --verbose [1ms]
[2022-02-21T06:28:45.829Z] > git config --get commit.template [1ms]
[2022-02-21T06:28:50.848Z] > git symbolic-ref --short HEAD [1ms]
[2022-02-21T06:28:50.851Z] > git for-each-ref --format=%(refname)%00%(upstream:short)%00%(objectname)%00%(upstream:track) refs/heads/master refs/remotes/master [1ms]
[2022-02-21T06:28:50.855Z] > git for-each-ref --sort -committerdate --format %(refname) %(objectname) %(*objectname) [2ms]
[2022-02-21T06:28:50.855Z] > git remote --verbose [0ms]
[2022-02-21T06:28:50.859Z] > git config --get commit.template [0ms]
[2022-02-21T06:33:22.424Z] > git symbolic-ref --short HEAD [0ms]
[2022-02-21T06:33:22.427Z] > git for-each-ref --format=%(refname)%00%(upstream:short)%00%(objectname)%00%(upstream:track) refs/heads/master refs/remotes/master [0ms]
[2022-02-21T06:33:22.432Z] > git for-each-ref --sort -committerdate --format %(refname) %(objectname) %(*objectname) [2ms]
[2022-02-21T06:33:22.433Z] > git remote --verbose [1ms]
[2022-02-21T06:33:22.437Z] > git config --get commit.template [1ms]
[2022-02-21T06:33:52.069Z] > git symbolic-ref --short HEAD [1ms]
[2022-02-21T06:33:52.072Z] > git for-each-ref --format=%(refname)%00%(upstream:short)%00%(objectname)%00%(upstream:track) refs/heads/master refs/remotes/master [1ms]
[2022-02-21T06:33:52.078Z] > git for-each-ref --sort -committerdate --format %(refname) %(objectname) %(*objectname) [4ms]
[2022-02-21T06:33:52.078Z] > git remote --verbose [1ms]
[2022-02-21T06:33:52.083Z] > git config --get commit.template [1ms]
[2022-02-21T06:33:57.126Z] > git symbolic-ref --short HEAD [3ms]
[2022-02-21T06:33:57.138Z] > git for-each-ref --format=%(refname)%00%(upstream:short)%00%(objectname)%00%(upstream:track) refs/heads/master refs/remotes/master [4ms]
[2022-02-21T06:33:57.150Z] > git for-each-ref --sort -committerdate --format %(refname) %(objectname) %(*objectname) [4ms]
[2022-02-21T06:33:57.150Z] > git remote --verbose [1ms]
[2022-02-21T06:33:57.155Z] > git config --get commit.template [1ms]
[2022-02-21T06:34:02.171Z] > git symbolic-ref --short HEAD [1ms]
[2022-02-21T06:34:02.175Z] > git for-each-ref --format=%(refname)%00%(upstream:short)%00%(objectname)%00%(upstream:track) refs/heads/master refs/remotes/master [1ms]
[2022-02-21T06:34:02.180Z] > git for-each-ref --sort -committerdate --format %(refname) %(objectname) %(*objectname) [3ms]
[2022-02-21T06:34:02.180Z] > git remote --verbose [1ms]
[2022-02-21T06:34:02.184Z] > git config --get commit.template [1ms]
[2022-02-21T06:34:02.580Z] > git ls-files --stage -- /home/local/ZOHOCORP/selva-pt4377/self/xecnon/src/app/foot/foot.component.html [0ms]
[2022-02-21T06:34:02.585Z] > git cat-file -s de8c0a6ca4c4d3e6e58b52f9a9b7ebe9938893b7 [3ms]
[2022-02-21T06:34:07.197Z] > git symbolic-ref --short HEAD [0ms]
[2022-02-21T06:34:07.201Z] > git for-each-ref --format=%(refname)%00%(upstream:short)%00%(objectname)%00%(upstream:track) refs/heads/master refs/remotes/master [1ms]
[2022-02-21T06:34:07.212Z] > git for-each-ref --sort -committerdate --format %(refname) %(objectname) %(*objectname) [5ms]
[2022-02-21T06:34:07.212Z] > git remote --verbose [1ms]
[2022-02-21T06:34:07.217Z] > git config --get commit.template [1ms]
[2022-02-21T06:34:07.602Z] > git ls-files --stage -- /home/local/ZOHOCORP/selva-pt4377/self/xecnon/src/app/foot/foot.component.ts [1ms]
[2022-02-21T06:34:07.607Z] > git cat-file -s daf1462e44f0e3281e2ae00786e7acd98478888d [1ms]
[2022-02-21T06:34:10.080Z] > git ls-files --stage -- /home/local/ZOHOCORP/selva-pt4377/self/xecnon/src/app/foot/foot.component.html [2ms]
[2022-02-21T06:34:10.088Z] > git cat-file -s de8c0a6ca4c4d3e6e58b52f9a9b7ebe9938893b7 [2ms]
[2022-02-21T06:34:12.231Z] > git symbolic-ref --short HEAD [1ms]
[2022-02-21T06:34:12.234Z] > git for-each-ref --format=%(refname)%00%(upstream:short)%00%(objectname)%00%(upstream:track) refs/heads/master refs/remotes/master [1ms]
[2022-02-21T06:34:12.239Z] > git for-each-ref --sort -committerdate --format %(refname) %(objectname) %(*objectname) [3ms]
[2022-02-21T06:34:12.239Z] > git remote --verbose [1ms]
[2022-02-21T06:34:12.245Z] > git config --get commit.template [1ms]
[2022-02-21T06:34:17.265Z] > git symbolic-ref --short HEAD [1ms]
[2022-02-21T06:34:17.268Z] > git for-each-ref --format=%(refname)%00%(upstream:short)%00%(objectname)%00%(upstream:track) refs/heads/master refs/remotes/master [1ms]
[2022-02-21T06:34:17.272Z] > git for-each-ref --sort -committerdate --format %(refname) %(objectname) %(*objectname) [2ms]
[2022-02-21T06:34:17.272Z] > git remote --verbose [0ms]
[2022-02-21T06:34:17.277Z] > git config --get commit.template [0ms]
[2022-02-21T06:34:22.295Z] > git symbolic-ref --short HEAD [0ms]
[2022-02-21T06:34:22.298Z] > git for-each-ref --format=%(refname)%00%(upstream:short)%00%(objectname)%00%(upstream:track) refs/heads/master refs/remotes/master [0ms]
[2022-02-21T06:34:22.303Z] > git for-each-ref --sort -committerdate --format %(refname) %(objectname) %(*objectname) [2ms]
[2022-02-21T06:34:22.303Z] > git remote --verbose [0ms]
[2022-02-21T06:34:22.308Z] > git config --get commit.template [1ms]
[2022-02-21T06:34:27.322Z] > git symbolic-ref --short HEAD [1ms]
[2022-02-21T06:34:27.325Z] > git for-each-ref --format=%(refname)%00%(upstream:short)%00%(objectname)%00%(upstream:track) refs/heads/master refs/remotes/master [1ms]
[2022-02-21T06:34:27.329Z] > git for-each-ref --sort -committerdate --format %(refname) %(objectname) %(*objectname) [2ms]
[2022-02-21T06:34:27.330Z] > git remote --verbose [1ms]
[2022-02-21T06:34:27.334Z] > git config --get commit.template [1ms]
[2022-02-21T06:34:32.349Z] > git symbolic-ref --short HEAD [1ms]
[2022-02-21T06:34:32.352Z] > git for-each-ref --format=%(refname)%00%(upstream:short)%00%(objectname)%00%(upstream:track) refs/heads/master refs/remotes/master [1ms]
[2022-02-21T06:34:32.357Z] > git for-each-ref --sort -committerdate --format %(refname) %(objectname) %(*objectname) [3ms]
[2022-02-21T06:34:32.357Z] > git remote --verbose [1ms]
[2022-02-21T06:34:32.361Z] > git config --get commit.template [1ms]
[2022-02-21T06:34:37.376Z] > git symbolic-ref --short HEAD [1ms]
[2022-02-21T06:34:37.379Z] > git for-each-ref --format=%(refname)%00%(upstream:short)%00%(objectname)%00%(upstream:track) refs/heads/master refs/remotes/master [1ms]
[2022-02-21T06:34:37.384Z] > git for-each-ref --sort -committerdate --format %(refname) %(objectname) %(*objectname) [3ms]
[2022-02-21T06:34:37.384Z] > git remote --verbose [0ms]
[2022-02-21T06:34:37.390Z] > git config --get commit.template [1ms]
[2022-02-21T06:34:42.406Z] > git symbolic-ref --short HEAD [1ms]
[2022-02-21T06:34:42.409Z] > git for-each-ref --format=%(refname)%00%(upstream:short)%00%(objectname)%00%(upstream:track) refs/heads/master refs/remotes/master [1ms]
[2022-02-21T06:34:42.414Z] > git for-each-ref --sort -committerdate --format %(refname) %(objectname) %(*objectname) [3ms]
[2022-02-21T06:34:42.414Z] > git remote --verbose [0ms]
[2022-02-21T06:34:42.420Z] > git config --get commit.template [1ms]
[2022-02-21T06:34:47.434Z] > git symbolic-ref --short HEAD [1ms]
[2022-02-21T06:34:47.438Z] > git for-each-ref --format=%(refname)%00%(upstream:short)%00%(objectname)%00%(upstream:track) refs/heads/master refs/remotes/master [1ms]
[2022-02-21T06:34:47.446Z] > git for-each-ref --sort -committerdate --format %(refname) %(objectname) %(*objectname) [4ms]
[2022-02-21T06:34:47.446Z] > git remote --verbose [1ms]
[2022-02-21T06:34:47.453Z] > git config --get commit.template [1ms]
[2022-02-21T06:34:50.570Z] > git ls-files --stage -- /home/local/ZOHOCORP/selva-pt4377/self/xecnon/src/app/foot/foot.component.html [1ms]
[2022-02-21T06:34:50.574Z] > git cat-file -s 1872eb350f2df2ef7574d31ab933712ff1b10851 [1ms]
[2022-02-21T06:34:52.474Z] > git symbolic-ref --short HEAD [1ms]
[2022-02-21T06:34:52.477Z] > git for-each-ref --format=%(refname)%00%(upstream:short)%00%(objectname)%00%(upstream:track) refs/heads/master refs/remotes/master [1ms]
[2022-02-21T06:34:52.482Z] > git for-each-ref --sort -committerdate --format %(refname) %(objectname) %(*objectname) [3ms]
[2022-02-21T06:34:52.482Z] > git remote --verbose [1ms]
[2022-02-21T06:34:52.488Z] > git config --get commit.template [1ms]
[2022-02-21T06:34:57.501Z] > git symbolic-ref --short HEAD [0ms]
[2022-02-21T06:34:57.504Z] > git for-each-ref --format=%(refname)%00%(upstream:short)%00%(objectname)%00%(upstream:track) refs/heads/master refs/remotes/master [0ms]
[2022-02-21T06:34:57.509Z] > git for-each-ref --sort -committerdate --format %(refname) %(objectname) %(*objectname) [2ms]
[2022-02-21T06:34:57.510Z] > git remote --verbose [1ms]
[2022-02-21T06:34:57.514Z] > git config --get commit.template [0ms]
[2022-02-21T06:34:58.980Z] > git ls-files --stage -- /home/local/ZOHOCORP/selva-pt4377/self/xecnon/src/app/foot/foot.component.html [1ms]
[2022-02-21T06:34:58.983Z] > git cat-file -s 1872eb350f2df2ef7574d31ab933712ff1b10851 [0ms]
[2022-02-21T06:35:02.525Z] > git symbolic-ref --short HEAD [1ms]
[2022-02-21T06:35:02.529Z] > git for-each-ref --format=%(refname)%00%(upstream:short)%00%(objectname)%00%(upstream:track) refs/heads/master refs/remotes/master [2ms]
[2022-02-21T06:35:02.534Z] > git for-each-ref --sort -committerdate --format %(refname) %(objectname) %(*objectname) [3ms]
[2022-02-21T06:35:02.534Z] > git remote --verbose [0ms]
[2022-02-21T06:35:02.540Z] > git config --get commit.template [1ms]
[2022-02-21T06:35:07.552Z] > git symbolic-ref --short HEAD [1ms]
[2022-02-21T06:35:07.555Z] > git for-each-ref --format=%(refname)%00%(upstream:short)%00%(objectname)%00%(upstream:track) refs/heads/master refs/remotes/master [1ms]
[2022-02-21T06:35:07.560Z] > git for-each-ref --sort -committerdate --format %(refname) %(objectname) %(*objectname) [3ms]
[2022-02-21T06:35:07.560Z] > git remote --verbose [0ms]
[2022-02-21T06:35:07.565Z] > git config --get commit.template [1ms]
[2022-02-21T06:35:24.693Z] > git symbolic-ref --short HEAD [1ms]
[2022-02-21T06:35:24.697Z] > git for-each-ref --format=%(refname)%00%(upstream:short)%00%(objectname)%00%(upstream:track) refs/heads/master refs/remotes/master [1ms]
[2022-02-21T06:35:24.702Z] > git for-each-ref --sort -committerdate --format %(refname) %(objectname) %(*objectname) [2ms]
[2022-02-21T06:35:24.703Z] > git remote --verbose [1ms]
[2022-02-21T06:35:24.707Z] > git config --get commit.template [1ms]
[2022-02-21T06:35:29.719Z] > git symbolic-ref --short HEAD [0ms]
[2022-02-21T06:35:29.722Z] > git for-each-ref --format=%(refname)%00%(upstream:short)%00%(objectname)%00%(upstream:track) refs/heads/master refs/remotes/master [1ms]
[2022-02-21T06:35:29.730Z] > git for-each-ref --sort -committerdate --format %(refname) %(objectname) %(*objectname) [5ms]
[2022-02-21T06:35:29.730Z] > git remote --verbose [2ms]
[2022-02-21T06:35:29.736Z] > git config --get commit.template [1ms]
[2022-02-21T06:35:34.748Z] > git symbolic-ref --short HEAD [0ms]
[2022-02-21T06:35:34.752Z] > git for-each-ref --format=%(refname)%00%(upstream:short)%00%(objectname)%00%(upstream:track) refs/heads/master refs/remotes/master [1ms]
[2022-02-21T06:35:34.757Z] > git for-each-ref --sort -committerdate --format %(refname) %(objectname) %(*objectname) [3ms]
[2022-02-21T06:35:34.757Z] > git remote --verbose [1ms]
[2022-02-21T06:35:34.762Z] > git config --get commit.template [1ms]
[2022-02-21T06:35:39.775Z] > git symbolic-ref --short HEAD [1ms]
[2022-02-21T06:35:39.778Z] > git for-each-ref --format=%(refname)%00%(upstream:short)%00%(objectname)%00%(upstream:track) refs/heads/master refs/remotes/master [1ms]
[2022-02-21T06:35:39.783Z] > git for-each-ref --sort -committerdate --format %(refname) %(objectname) %(*objectname) [3ms]
[2022-02-21T06:35:39.783Z] > git remote --verbose [1ms]
[2022-02-21T06:35:39.788Z] > git config --get commit.template [1ms]
[2022-02-21T06:35:44.803Z] > git symbolic-ref --short HEAD [0ms]
[2022-02-21T06:35:44.806Z] > git for-each-ref --format=%(refname)%00%(upstream:short)%00%(objectname)%00%(upstream:track) refs/heads/master refs/remotes/master [0ms]
[2022-02-21T06:35:44.811Z] > git for-each-ref --sort -committerdate --format %(refname) %(objectname) %(*objectname) [2ms]
[2022-02-21T06:35:44.811Z] > git remote --verbose [0ms]
[2022-02-21T06:35:44.816Z] > git config --get commit.template [1ms]
[2022-02-21T06:35:49.829Z] > git symbolic-ref --short HEAD [1ms]
[2022-02-21T06:35:49.832Z] > git for-each-ref --format=%(refname)%00%(upstream:short)%00%(objectname)%00%(upstream:track) refs/heads/master refs/remotes/master [1ms]
[2022-02-21T06:35:49.837Z] > git for-each-ref --sort -committerdate --format %(refname) %(objectname) %(*objectname) [3ms]
[2022-02-21T06:35:49.837Z] > git remote --verbose [0ms]
[2022-02-21T06:35:49.842Z] > git config --get commit.template [1ms]
[2022-02-21T06:35:54.855Z] > git symbolic-ref --short HEAD [1ms]
[2022-02-21T06:35:54.858Z] > git for-each-ref --format=%(refname)%00%(upstream:short)%00%(objectname)%00%(upstream:track) refs/heads/master refs/remotes/master [1ms]
[2022-02-21T06:35:54.863Z] > git for-each-ref --sort -committerdate --format %(refname) %(objectname) %(*objectname) [3ms]
[2022-02-21T06:35:54.863Z] > git remote --verbose [1ms]
[2022-02-21T06:35:54.868Z] > git config --get commit.template [1ms]
[2022-02-21T06:35:59.881Z] > git symbolic-ref --short HEAD [1ms]
[2022-02-21T06:35:59.884Z] > git for-each-ref --format=%(refname)%00%(upstream:short)%00%(objectname)%00%(upstream:track) refs/heads/master refs/remotes/master [1ms]
[2022-02-21T06:35:59.890Z] > git for-each-ref --sort -committerdate --format %(refname) %(objectname) %(*objectname) [3ms]
[2022-02-21T06:35:59.890Z] > git remote --verbose [1ms]
[2022-02-21T06:35:59.895Z] > git config --get commit.template [1ms]
[2022-02-21T06:36:04.908Z] > git symbolic-ref --short HEAD [0ms]
[2022-02-21T06:36:04.911Z] > git for-each-ref --format=%(refname)%00%(upstream:short)%00%(objectname)%00%(upstream:track) refs/heads/master refs/remotes/master [1ms]
[2022-02-21T06:36:04.916Z] > git for-each-ref --sort -committerdate --format %(refname) %(objectname) %(*objectname) [3ms]
[2022-02-21T06:36:04.916Z] > git remote --verbose [0ms]
[2022-02-21T06:36:04.921Z] > git config --get commit.template [1ms]
[2022-02-21T06:36:09.939Z] > git symbolic-ref --short HEAD [1ms]
[2022-02-21T06:36:09.942Z] > git for-each-ref --format=%(refname)%00%(upstream:short)%00%(objectname)%00%(upstream:track) refs/heads/master refs/remotes/master [1ms]
[2022-02-21T06:36:09.947Z] > git for-each-ref --sort -committerdate --format %(refname) %(objectname) %(*objectname) [3ms]
[2022-02-21T06:36:09.947Z] > git remote --verbose [1ms]
[2022-02-21T06:36:09.952Z] > git config --get commit.template [1ms]
[2022-02-21T06:36:14.965Z] > git symbolic-ref --short HEAD [0ms]
[2022-02-21T06:36:14.968Z] > git for-each-ref --format=%(refname)%00%(upstream:short)%00%(objectname)%00%(upstream:track) refs/heads/master refs/remotes/master [1ms]
[2022-02-21T06:36:14.973Z] > git for-each-ref --sort -committerdate --format %(refname) %(objectname) %(*objectname) [3ms]
[2022-02-21T06:36:14.973Z] > git remote --verbose [0ms]
[2022-02-21T06:36:14.978Z] > git config --get commit.template [1ms]
[2022-02-21T06:36:19.996Z] > git symbolic-ref --short HEAD [1ms]
[2022-02-21T06:36:19.999Z] > git for-each-ref --format=%(refname)%00%(upstream:short)%00%(objectname)%00%(upstream:track) refs/heads/master refs/remotes/master [1ms]
[2022-02-21T06:36:20.004Z] > git for-each-ref --sort -committerdate --format %(refname) %(objectname) %(*objectname) [3ms]
[2022-02-21T06:36:20.004Z] > git remote --verbose [1ms]
[2022-02-21T06:36:20.009Z] > git config --get commit.template [1ms]
[2022-02-21T06:36:25.022Z] > git symbolic-ref --short HEAD [1ms]
[2022-02-21T06:36:25.025Z] > git for-each-ref --format=%(refname)%00%(upstream:short)%00%(objectname)%00%(upstream:track) refs/heads/master refs/remotes/master [1ms]
[2022-02-21T06:36:25.030Z] > git for-each-ref --sort -committerdate --format %(refname) %(objectname) %(*objectname) [3ms]
[2022-02-21T06:36:25.030Z] > git remote --verbose [1ms]
[2022-02-21T06:36:25.035Z] > git config --get commit.template [1ms]
[2022-02-21T06:36:30.049Z] > git symbolic-ref --short HEAD [1ms]
[2022-02-21T06:36:30.052Z] > git for-each-ref --format=%(refname)%00%(upstream:short)%00%(objectname)%00%(upstream:track) refs/heads/master refs/remotes/master [1ms]
[2022-02-21T06:36:30.057Z] > git for-each-ref --sort -committerdate --format %(refname) %(objectname) %(*objectname) [3ms]
[2022-02-21T06:36:30.057Z] > git remote --verbose [1ms]
[2022-02-21T06:36:30.061Z] > git config --get commit.template [0ms]
[2022-02-21T06:36:35.083Z] > git symbolic-ref --short HEAD [1ms]
[2022-02-21T06:36:35.086Z] > git for-each-ref --format=%(refname)%00%(upstream:short)%00%(objectname)%00%(upstream:track) refs/heads/master refs/remotes/master [1ms]
[2022-02-21T06:36:35.091Z] > git for-each-ref --sort -committerdate --format %(refname) %(objectname) %(*objectname) [3ms]
[2022-02-21T06:36:35.091Z] > git remote --verbose [0ms]
[2022-02-21T06:36:35.096Z] > git config --get commit.template [1ms]
[2022-02-21T06:36:40.114Z] > git symbolic-ref --short HEAD [0ms]
[2022-02-21T06:36:40.117Z] > git for-each-ref --format=%(refname)%00%(upstream:short)%00%(objectname)%00%(upstream:track) refs/heads/master refs/remotes/master [1ms]
[2022-02-21T06:36:40.122Z] > git for-each-ref --sort -committerdate --format %(refname) %(objectname) %(*objectname) [3ms]
[2022-02-21T06:36:40.122Z] > git remote --verbose [1ms]
[2022-02-21T06:36:40.126Z] > git config --get commit.template [1ms]
[2022-02-21T06:36:45.138Z] > git symbolic-ref --short HEAD [0ms]
[2022-02-21T06:36:45.142Z] > git for-each-ref --format=%(refname)%00%(upstream:short)%00%(objectname)%00%(upstream:track) refs/heads/master refs/remotes/master [1ms]
[2022-02-21T06:36:45.147Z] > git for-each-ref --sort -committerdate --format %(refname) %(objectname) %(*objectname) [3ms]
[2022-02-21T06:36:45.147Z] > git remote --verbose [1ms]
[2022-02-21T06:36:45.151Z] > git config --get commit.template [0ms]
[2022-02-21T06:36:48.672Z] > git ls-files --stage -- /home/local/ZOHOCORP/selva-pt4377/self/xecnon/src/app/foot/foot.component.html [2ms]
[2022-02-21T06:36:48.684Z] > git cat-file -s 1872eb350f2df2ef7574d31ab933712ff1b10851 [3ms]
[2022-02-21T06:36:50.166Z] > git symbolic-ref --short HEAD [1ms]
[2022-02-21T06:36:50.169Z] > git for-each-ref --format=%(refname)%00%(upstream:short)%00%(objectname)%00%(upstream:track) refs/heads/master refs/remotes/master [1ms]
[2022-02-21T06:36:50.174Z] > git for-each-ref --sort -committerdate --format %(refname) %(objectname) %(*objectname) [3ms]
[2022-02-21T06:36:50.175Z] > git remote --verbose [1ms]
[2022-02-21T06:36:50.179Z] > git config --get commit.template [1ms]
[2022-02-21T06:36:55.190Z] > git symbolic-ref --short HEAD [1ms]
[2022-02-21T06:36:55.193Z] > git for-each-ref --format=%(refname)%00%(upstream:short)%00%(objectname)%00%(upstream:track) refs/heads/master refs/remotes/master [1ms]
[2022-02-21T06:36:55.198Z] > git for-each-ref --sort -committerdate --format %(refname) %(objectname) %(*objectname) [3ms]
[2022-02-21T06:36:55.198Z] > git remote --verbose [1ms]
[2022-02-21T06:36:55.203Z] > git config --get commit.template [1ms]
[2022-02-21T06:37:00.233Z] > git symbolic-ref --short HEAD [2ms]
[2022-02-21T06:37:00.242Z] > git for-each-ref --format=%(refname)%00%(upstream:short)%00%(objectname)%00%(upstream:track) refs/heads/master refs/remotes/master [2ms]
[2022-02-21T06:37:00.259Z] > git for-each-ref --sort -committerdate --format %(refname) %(objectname) %(*objectname) [9ms]
[2022-02-21T06:37:00.260Z] > git remote --verbose [3ms]
[2022-02-21T06:37:00.275Z] > git config --get commit.template [1ms]
[2022-02-21T06:37:05.288Z] > git symbolic-ref --short HEAD [0ms]
[2022-02-21T06:37:05.292Z] > git for-each-ref --format=%(refname)%00%(upstream:short)%00%(objectname)%00%(upstream:track) refs/heads/master refs/remotes/master [1ms]
[2022-02-21T06:37:05.297Z] > git for-each-ref --sort -committerdate --format %(refname) %(objectname) %(*objectname) [3ms]
[2022-02-21T06:37:05.297Z] > git remote --verbose [0ms]
[2022-02-21T06:37:05.302Z] > git config --get commit.template [1ms]
[2022-02-21T06:37:10.314Z] > git symbolic-ref --short HEAD [1ms]
[2022-02-21T06:37:10.317Z] > git for-each-ref --format=%(refname)%00%(upstream:short)%00%(objectname)%00%(upstream:track) refs/heads/master refs/remotes/master [1ms]
[2022-02-21T06:37:10.322Z] > git remote --verbose [0ms]
[2022-02-21T06:37:10.323Z] > git for-each-ref --sort -committerdate --format %(refname) %(objectname) %(*objectname) [4ms]
[2022-02-21T06:37:10.328Z] > git config --get commit.template [2ms]
[2022-02-21T06:37:15.341Z] > git symbolic-ref --short HEAD [0ms]
[2022-02-21T06:37:15.344Z] > git for-each-ref --format=%(refname)%00%(upstream:short)%00%(objectname)%00%(upstream:track) refs/heads/master refs/remotes/master [0ms]
[2022-02-21T06:37:15.350Z] > git for-each-ref --sort -committerdate --format %(refname) %(objectname) %(*objectname) [3ms]
[2022-02-21T06:37:15.350Z] > git remote --verbose [1ms]
[2022-02-21T06:37:15.355Z] > git config --get commit.template [1ms]
[2022-02-21T06:37:20.373Z] > git symbolic-ref --short HEAD [1ms]
[2022-02-21T06:37:20.376Z] > git for-each-ref --format=%(refname)%00%(upstream:short)%00%(objectname)%00%(upstream:track) refs/heads/master refs/remotes/master [1ms]
[2022-02-21T06:37:20.381Z] > git for-each-ref --sort -committerdate --format %(refname) %(objectname) %(*objectname) [3ms]
[2022-02-21T06:37:20.381Z] > git remote --verbose [1ms]
[2022-02-21T06:37:20.384Z] > git config --get commit.template [0ms]
[2022-02-21T06:37:25.401Z] > git symbolic-ref --short HEAD [1ms]
[2022-02-21T06:37:25.404Z] > git for-each-ref --format=%(refname)%00%(upstream:short)%00%(objectname)%00%(upstream:track) refs/heads/master refs/remotes/master [1ms]
[2022-02-21T06:37:25.408Z] > git for-each-ref --sort -committerdate --format %(refname) %(objectname) %(*objectname) [2ms]
[2022-02-21T06:37:25.409Z] > git remote --verbose [1ms]
[2022-02-21T06:37:25.413Z] > git config --get commit.template [1ms]
[2022-02-21T06:37:30.426Z] > git symbolic-ref --short HEAD [1ms]
[2022-02-21T06:37:30.429Z] > git for-each-ref --format=%(refname)%00%(upstream:short)%00%(objectname)%00%(upstream:track) refs/heads/master refs/remotes/master [1ms]
[2022-02-21T06:37:30.435Z] > git for-each-ref --sort -committerdate --format %(refname) %(objectname) %(*objectname) [3ms]
[2022-02-21T06:37:30.436Z] > git remote --verbose [1ms]
[2022-02-21T06:37:30.442Z] > git config --get commit.template [1ms]
[2022-02-21T06:37:35.455Z] > git symbolic-ref --short HEAD [0ms]
[2022-02-21T06:37:35.458Z] > git for-each-ref --format=%(refname)%00%(upstream:short)%00%(objectname)%00%(upstream:track) refs/heads/master refs/remotes/master [1ms]
[2022-02-21T06:37:35.463Z] > git for-each-ref --sort -committerdate --format %(refname) %(objectname) %(*objectname) [3ms]
[2022-02-21T06:37:35.463Z] > git remote --verbose [0ms]
[2022-02-21T06:37:35.468Z] > git config --get commit.template [1ms]
[2022-02-21T06:37:40.480Z] > git symbolic-ref --short HEAD [0ms]
[2022-02-21T06:37:40.483Z] > git for-each-ref --format=%(refname)%00%(upstream:short)%00%(objectname)%00%(upstream:track) refs/heads/master refs/remotes/master [1ms]
[2022-02-21T06:37:40.488Z] > git for-each-ref --sort -committerdate --format %(refname) %(objectname) %(*objectname) [3ms]
[2022-02-21T06:37:40.488Z] > git remote --verbose [1ms]
[2022-02-21T06:37:40.492Z] > git config --get commit.template [0ms]
[2022-02-21T06:37:45.506Z] > git symbolic-ref --short HEAD [1ms]
[2022-02-21T06:37:45.509Z] > git for-each-ref --format=%(refname)%00%(upstream:short)%00%(objectname)%00%(upstream:track) refs/heads/master refs/remotes/master [1ms]
[2022-02-21T06:37:45.514Z] > git for-each-ref --sort -committerdate --format %(refname) %(objectname) %(*objectname) [3ms]
[2022-02-21T06:37:45.514Z] > git remote --verbose [0ms]
[2022-02-21T06:37:45.519Z] > git config --get commit.template [1ms]
[2022-02-21T06:37:50.532Z] > git symbolic-ref --short HEAD [0ms]
[2022-02-21T06:37:50.535Z] > git for-each-ref --format=%(refname)%00%(upstream:short)%00%(objectname)%00%(upstream:track) refs/heads/master refs/remotes/master [0ms]
[2022-02-21T06:37:50.541Z] > git for-each-ref --sort -committerdate --format %(refname) %(objectname) %(*objectname) [3ms]
[2022-02-21T06:37:50.542Z] > git remote --verbose [2ms]
[2022-02-21T06:37:50.547Z] > git config --get commit.template [1ms]
[2022-02-21T06:37:55.560Z] > git symbolic-ref --short HEAD [0ms]
[2022-02-21T06:37:55.563Z] > git for-each-ref --format=%(refname)%00%(upstream:short)%00%(objectname)%00%(upstream:track) refs/heads/master refs/remotes/master [1ms]
[2022-02-21T06:37:55.568Z] > git for-each-ref --sort -committerdate --format %(refname) %(objectname) %(*objectname) [3ms]
[2022-02-21T06:37:55.569Z] > git remote --verbose [1ms]
[2022-02-21T06:37:55.573Z] > git config --get commit.template [1ms]
[2022-02-21T06:38:00.586Z] > git symbolic-ref --short HEAD [1ms]
[2022-02-21T06:38:00.589Z] > git for-each-ref --format=%(refname)%00%(upstream:short)%00%(objectname)%00%(upstream:track) refs/heads/master refs/remotes/master [1ms]
[2022-02-21T06:38:00.594Z] > git for-each-ref --sort -committerdate --format %(refname) %(objectname) %(*objectname) [3ms]
[2022-02-21T06:38:00.594Z] > git remote --verbose [1ms]
[2022-02-21T06:38:00.598Z] > git config --get commit.template [0ms]
[2022-02-21T06:38:05.610Z] > git symbolic-ref --short HEAD [1ms]
[2022-02-21T06:38:05.613Z] > git for-each-ref --format=%(refname)%00%(upstream:short)%00%(objectname)%00%(upstream:track) refs/heads/master refs/remotes/master [1ms]
[2022-02-21T06:38:05.618Z] > git for-each-ref --sort -committerdate --format %(refname) %(objectname) %(*objectname) [3ms]
[2022-02-21T06:38:05.618Z] > git remote --verbose [0ms]
[2022-02-21T06:38:05.623Z] > git config --get commit.template [1ms]
[2022-02-21T06:38:10.634Z] > git symbolic-ref --short HEAD [1ms]
[2022-02-21T06:38:10.637Z] > git for-each-ref --format=%(refname)%00%(upstream:short)%00%(objectname)%00%(upstream:track) refs/heads/master refs/remotes/master [1ms]
[2022-02-21T06:38:10.643Z] > git for-each-ref --sort -committerdate --format %(refname) %(objectname) %(*objectname) [3ms]
[2022-02-21T06:38:10.643Z] > git remote --verbose [1ms]
[2022-02-21T06:38:10.648Z] > git config --get commit.template [1ms]
[2022-02-21T06:38:15.664Z] > git symbolic-ref --short HEAD [1ms]
[2022-02-21T06:38:15.667Z] > git for-each-ref --format=%(refname)%00%(upstream:short)%00%(objectname)%00%(upstream:track) refs/heads/master refs/remotes/master [1ms]
[2022-02-21T06:38:15.672Z] > git for-each-ref --sort -committerdate --format %(refname) %(objectname) %(*objectname) [3ms]
[2022-02-21T06:38:15.672Z] > git remote --verbose [0ms]
[2022-02-21T06:38:15.679Z] > git config --get commit.template [0ms]
[2022-02-21T06:38:20.693Z] > git symbolic-ref --short HEAD [1ms]
[2022-02-21T06:38:20.696Z] > git for-each-ref --format=%(refname)%00%(upstream:short)%00%(objectname)%00%(upstream:track) refs/heads/master refs/remotes/master [1ms]
[2022-02-21T06:38:20.701Z] > git for-each-ref --sort -committerdate --format %(refname) %(objectname) %(*objectname) [2ms]
[2022-02-21T06:38:20.702Z] > git remote --verbose [1ms]
[2022-02-21T06:38:20.706Z] > git config --get commit.template [1ms]
[2022-02-21T06:38:25.745Z] > git symbolic-ref --short HEAD [3ms]
[2022-02-21T06:38:25.758Z] > git for-each-ref --format=%(refname)%00%(upstream:short)%00%(objectname)%00%(upstream:track) refs/heads/master refs/remotes/master [2ms]
[2022-02-21T06:38:25.771Z] > git for-each-ref --sort -committerdate --format %(refname) %(objectname) %(*objectname) [6ms]
[2022-02-21T06:38:25.772Z] > git remote --verbose [1ms]
[2022-02-21T06:38:25.778Z] > git config --get commit.template [1ms]
[2022-02-21T06:42:05.025Z] > git symbolic-ref --short HEAD [0ms]
[2022-02-21T06:42:05.029Z] > git for-each-ref --format=%(refname)%00%(upstream:short)%00%(objectname)%00%(upstream:track) refs/heads/master refs/remotes/master [1ms]
[2022-02-21T06:42:05.036Z] > git for-each-ref --sort -committerdate --format %(refname) %(objectname) %(*objectname) [4ms]
[2022-02-21T06:42:05.036Z] > git remote --verbose [1ms]
[2022-02-21T06:42:05.041Z] > git config --get commit.template [1ms]
