[2022-02-21T09:11:58.642Z] Validating found git in: git
[2022-02-21T09:11:58.666Z] Using git 2.25.1 from git
[2022-02-21T09:11:58.681Z] > git rev-parse --git-dir [0ms]
[2022-02-21T09:11:58.685Z] Open repository: /home/local/ZOHOCORP/selva-pt4377/self/xecnon
[2022-02-21T09:11:58.712Z] > git symbolic-ref --short HEAD [1ms]
[2022-02-21T09:11:58.716Z] > git for-each-ref --format=%(refname)%00%(upstream:short)%00%(objectname)%00%(upstream:track) refs/heads/master refs/remotes/master [1ms]
[2022-02-21T09:11:58.727Z] > git remote --verbose [3ms]
[2022-02-21T09:11:58.727Z] > git for-each-ref --sort -committerdate --format %(refname) %(objectname) %(*objectname) [8ms]
[2022-02-21T09:11:58.733Z] > git config --get commit.template [0ms]
[2022-02-21T09:11:59.071Z] > git ls-files --stage -- /home/local/ZOHOCORP/selva-pt4377/self/xecnon/src/app/foot/foot.component.html [12ms]
[2022-02-21T09:11:59.077Z] > git cat-file -s 1872eb350f2df2ef7574d31ab933712ff1b10851 [1ms]
[2022-02-21T09:12:01.104Z] > git symbolic-ref --short HEAD [3ms]
[2022-02-21T09:12:01.118Z] > git for-each-ref --format=%(refname)%00%(upstream:short)%00%(objectname)%00%(upstream:track) refs/heads/master refs/remotes/master [4ms]
[2022-02-21T09:12:01.140Z] > git for-each-ref --sort -committerdate --format %(refname) %(objectname) %(*objectname) [12ms]
[2022-02-21T09:12:01.142Z] > git remote --verbose [5ms]
[2022-02-21T09:12:01.157Z] > git config --get commit.template [1ms]
[2022-02-21T09:12:06.202Z] > git symbolic-ref --short HEAD [2ms]
[2022-02-21T09:12:06.209Z] > git for-each-ref --format=%(refname)%00%(upstream:short)%00%(objectname)%00%(upstream:track) refs/heads/master refs/remotes/master [2ms]
[2022-02-21T09:12:06.221Z] > git for-each-ref --sort -committerdate --format %(refname) %(objectname) %(*objectname) [6ms]
[2022-02-21T09:12:06.222Z] > git remote --verbose [3ms]
[2022-02-21T09:12:06.231Z] > git config --get commit.template [2ms]
[2022-02-21T09:12:11.275Z] > git symbolic-ref --short HEAD [3ms]
[2022-02-21T09:12:11.284Z] > git for-each-ref --format=%(refname)%00%(upstream:short)%00%(objectname)%00%(upstream:track) refs/heads/master refs/remotes/master [3ms]
[2022-02-21T09:12:11.298Z] > git for-each-ref --sort -committerdate --format %(refname) %(objectname) %(*objectname) [8ms]
[2022-02-21T09:12:11.299Z] > git remote --verbose [2ms]
[2022-02-21T09:12:11.309Z] > git config --get commit.template [1ms]
[2022-02-21T09:12:16.355Z] > git symbolic-ref --short HEAD [2ms]
[2022-02-21T09:12:16.369Z] > git for-each-ref --format=%(refname)%00%(upstream:short)%00%(objectname)%00%(upstream:track) refs/heads/master refs/remotes/master [4ms]
[2022-02-21T09:12:16.389Z] > git for-each-ref --sort -committerdate --format %(refname) %(objectname) %(*objectname) [11ms]
[2022-02-21T09:12:16.391Z] > git remote --verbose [4ms]
[2022-02-21T09:12:16.408Z] > git config --get commit.template [3ms]
[2022-02-21T09:12:21.421Z] > git symbolic-ref --short HEAD [1ms]
[2022-02-21T09:12:21.425Z] > git for-each-ref --format=%(refname)%00%(upstream:short)%00%(objectname)%00%(upstream:track) refs/heads/master refs/remotes/master [1ms]
[2022-02-21T09:12:21.431Z] > git for-each-ref --sort -committerdate --format %(refname) %(objectname) %(*objectname) [3ms]
[2022-02-21T09:12:21.432Z] > git remote --verbose [1ms]
[2022-02-21T09:12:21.437Z] > git config --get commit.template [1ms]
[2022-02-21T09:12:26.452Z] > git symbolic-ref --short HEAD [1ms]
[2022-02-21T09:12:26.455Z] > git for-each-ref --format=%(refname)%00%(upstream:short)%00%(objectname)%00%(upstream:track) refs/heads/master refs/remotes/master [1ms]
[2022-02-21T09:12:26.460Z] > git for-each-ref --sort -committerdate --format %(refname) %(objectname) %(*objectname) [3ms]
[2022-02-21T09:12:26.461Z] > git remote --verbose [1ms]
[2022-02-21T09:12:26.467Z] > git config --get commit.template [1ms]
[2022-02-21T09:12:31.482Z] > git symbolic-ref --short HEAD [1ms]
[2022-02-21T09:12:31.485Z] > git for-each-ref --format=%(refname)%00%(upstream:short)%00%(objectname)%00%(upstream:track) refs/heads/master refs/remotes/master [1ms]
[2022-02-21T09:12:31.491Z] > git for-each-ref --sort -committerdate --format %(refname) %(objectname) %(*objectname) [4ms]
[2022-02-21T09:12:31.491Z] > git remote --verbose [2ms]
[2022-02-21T09:12:31.496Z] > git config --get commit.template [1ms]
[2022-02-21T09:12:36.516Z] > git symbolic-ref --short HEAD [1ms]
[2022-02-21T09:12:36.518Z] > git for-each-ref --format=%(refname)%00%(upstream:short)%00%(objectname)%00%(upstream:track) refs/heads/master refs/remotes/master [0ms]
[2022-02-21T09:12:36.523Z] > git for-each-ref --sort -committerdate --format %(refname) %(objectname) %(*objectname) [3ms]
[2022-02-21T09:12:36.524Z] > git remote --verbose [1ms]
[2022-02-21T09:12:36.528Z] > git config --get commit.template [1ms]
[2022-02-21T09:12:41.548Z] > git symbolic-ref --short HEAD [1ms]
[2022-02-21T09:12:41.550Z] > git for-each-ref --format=%(refname)%00%(upstream:short)%00%(objectname)%00%(upstream:track) refs/heads/master refs/remotes/master [0ms]
[2022-02-21T09:12:41.555Z] > git for-each-ref --sort -committerdate --format %(refname) %(objectname) %(*objectname) [3ms]
[2022-02-21T09:12:41.556Z] > git remote --verbose [1ms]
[2022-02-21T09:12:41.563Z] > git config --get commit.template [3ms]
[2022-02-21T09:12:46.582Z] > git symbolic-ref --short HEAD [1ms]
[2022-02-21T09:12:46.585Z] > git for-each-ref --format=%(refname)%00%(upstream:short)%00%(objectname)%00%(upstream:track) refs/heads/master refs/remotes/master [1ms]
[2022-02-21T09:12:46.590Z] > git for-each-ref --sort -committerdate --format %(refname) %(objectname) %(*objectname) [3ms]
[2022-02-21T09:12:46.590Z] > git remote --verbose [1ms]
[2022-02-21T09:12:46.595Z] > git config --get commit.template [1ms]
[2022-02-21T09:12:51.614Z] > git symbolic-ref --short HEAD [0ms]
[2022-02-21T09:12:51.617Z] > git for-each-ref --format=%(refname)%00%(upstream:short)%00%(objectname)%00%(upstream:track) refs/heads/master refs/remotes/master [1ms]
[2022-02-21T09:12:51.622Z] > git for-each-ref --sort -committerdate --format %(refname) %(objectname) %(*objectname) [3ms]
[2022-02-21T09:12:51.622Z] > git remote --verbose [1ms]
[2022-02-21T09:12:51.628Z] > git config --get commit.template [2ms]
[2022-02-21T09:15:06.662Z] > git symbolic-ref --short HEAD [1ms]
[2022-02-21T09:15:06.666Z] > git for-each-ref --format=%(refname)%00%(upstream:short)%00%(objectname)%00%(upstream:track) refs/heads/master refs/remotes/master [1ms]
[2022-02-21T09:15:06.671Z] > git for-each-ref --sort -committerdate --format %(refname) %(objectname) %(*objectname) [2ms]
[2022-02-21T09:15:06.672Z] > git remote --verbose [1ms]
[2022-02-21T09:15:06.677Z] > git config --get commit.template [1ms]
[2022-02-21T09:15:11.705Z] > git symbolic-ref --short HEAD [2ms]
[2022-02-21T09:15:11.713Z] > git for-each-ref --format=%(refname)%00%(upstream:short)%00%(objectname)%00%(upstream:track) refs/heads/master refs/remotes/master [2ms]
[2022-02-21T09:15:11.726Z] > git for-each-ref --sort -committerdate --format %(refname) %(objectname) %(*objectname) [6ms]
[2022-02-21T09:15:11.727Z] > git remote --verbose [2ms]
[2022-02-21T09:15:11.735Z] > git config --get commit.template [1ms]
[2022-02-21T09:15:13.829Z] > git ls-files --stage -- /home/local/ZOHOCORP/selva-pt4377/self/xecnon/src/app/emailmsg/emailmsg.component.html [3ms]
[2022-02-21T09:15:13.843Z] > git cat-file -s 178d8bc2b47892d223729b58ed5509031e5ee5bd [2ms]
[2022-02-21T09:15:15.352Z] > git ls-files --stage -- /home/local/ZOHOCORP/selva-pt4377/self/xecnon/src/app/emailmsg/emailmsg.component.ts [2ms]
[2022-02-21T09:15:15.356Z] > git cat-file -s eddf0bd6d4f4485034f0660676176f701529a60d [1ms]
[2022-02-21T09:15:16.751Z] > git symbolic-ref --short HEAD [1ms]
[2022-02-21T09:15:16.755Z] > git for-each-ref --format=%(refname)%00%(upstream:short)%00%(objectname)%00%(upstream:track) refs/heads/master refs/remotes/master [1ms]
[2022-02-21T09:15:16.760Z] > git for-each-ref --sort -committerdate --format %(refname) %(objectname) %(*objectname) [3ms]
[2022-02-21T09:15:16.760Z] > git remote --verbose [0ms]
[2022-02-21T09:15:16.768Z] > git config --get commit.template [1ms]
[2022-02-21T09:15:20.286Z] > git ls-files --stage -- /home/local/ZOHOCORP/selva-pt4377/self/xecnon/src/app/emailmsg/emailmsg.component.css [1ms]
[2022-02-21T09:15:20.289Z] > git cat-file -s 58da1a2f8568a002d5023f60dee5da3aa42296c8 [0ms]
[2022-02-21T09:15:21.814Z] > git symbolic-ref --short HEAD [3ms]
[2022-02-21T09:15:21.827Z] > git for-each-ref --format=%(refname)%00%(upstream:short)%00%(objectname)%00%(upstream:track) refs/heads/master refs/remotes/master [3ms]
[2022-02-21T09:15:21.847Z] > git for-each-ref --sort -committerdate --format %(refname) %(objectname) %(*objectname) [10ms]
[2022-02-21T09:15:21.847Z] > git remote --verbose [2ms]
[2022-02-21T09:15:21.858Z] > git config --get commit.template [1ms]
[2022-02-21T09:15:26.905Z] > git symbolic-ref --short HEAD [3ms]
[2022-02-21T09:15:26.918Z] > git for-each-ref --format=%(refname)%00%(upstream:short)%00%(objectname)%00%(upstream:track) refs/heads/master refs/remotes/master [3ms]
[2022-02-21T09:15:26.939Z] > git for-each-ref --sort -committerdate --format %(refname) %(objectname) %(*objectname) [11ms]
[2022-02-21T09:15:26.940Z] > git remote --verbose [2ms]
[2022-02-21T09:15:26.953Z] > git config --get commit.template [3ms]
[2022-02-21T09:15:31.970Z] > git symbolic-ref --short HEAD [1ms]
[2022-02-21T09:15:31.977Z] > git for-each-ref --format=%(refname)%00%(upstream:short)%00%(objectname)%00%(upstream:track) refs/heads/master refs/remotes/master [3ms]
[2022-02-21T09:15:31.986Z] > git for-each-ref --sort -committerdate --format %(refname) %(objectname) %(*objectname) [5ms]
[2022-02-21T09:15:31.986Z] > git remote --verbose [1ms]
[2022-02-21T09:15:31.994Z] > git config --get commit.template [1ms]
[2022-02-21T09:18:05.630Z] > git symbolic-ref --short HEAD [1ms]
[2022-02-21T09:18:05.633Z] > git for-each-ref --format=%(refname)%00%(upstream:short)%00%(objectname)%00%(upstream:track) refs/heads/master refs/remotes/master [0ms]
[2022-02-21T09:18:05.639Z] > git for-each-ref --sort -committerdate --format %(refname) %(objectname) %(*objectname) [3ms]
[2022-02-21T09:18:05.640Z] > git remote --verbose [0ms]
[2022-02-21T09:18:05.645Z] > git config --get commit.template [1ms]
[2022-02-21T09:18:10.665Z] > git symbolic-ref --short HEAD [1ms]
[2022-02-21T09:18:10.668Z] > git for-each-ref --format=%(refname)%00%(upstream:short)%00%(objectname)%00%(upstream:track) refs/heads/master refs/remotes/master [1ms]
[2022-02-21T09:18:10.673Z] > git for-each-ref --sort -committerdate --format %(refname) %(objectname) %(*objectname) [3ms]
[2022-02-21T09:18:10.673Z] > git remote --verbose [1ms]
[2022-02-21T09:18:10.678Z] > git config --get commit.template [1ms]
[2022-02-21T09:18:15.700Z] > git symbolic-ref --short HEAD [1ms]
[2022-02-21T09:18:15.703Z] > git for-each-ref --format=%(refname)%00%(upstream:short)%00%(objectname)%00%(upstream:track) refs/heads/master refs/remotes/master [1ms]
[2022-02-21T09:18:15.707Z] > git for-each-ref --sort -committerdate --format %(refname) %(objectname) %(*objectname) [2ms]
[2022-02-21T09:18:15.708Z] > git remote --verbose [1ms]
[2022-02-21T09:18:15.713Z] > git config --get commit.template [1ms]
[2022-02-21T09:18:27.527Z] > git symbolic-ref --short HEAD [0ms]
[2022-02-21T09:18:27.531Z] > git for-each-ref --format=%(refname)%00%(upstream:short)%00%(objectname)%00%(upstream:track) refs/heads/master refs/remotes/master [1ms]
[2022-02-21T09:18:27.536Z] > git for-each-ref --sort -committerdate --format %(refname) %(objectname) %(*objectname) [2ms]
[2022-02-21T09:18:27.537Z] > git remote --verbose [1ms]
[2022-02-21T09:18:27.543Z] > git config --get commit.template [1ms]
[2022-02-21T09:18:32.591Z] > git symbolic-ref --short HEAD [4ms]
[2022-02-21T09:18:32.605Z] > git for-each-ref --format=%(refname)%00%(upstream:short)%00%(objectname)%00%(upstream:track) refs/heads/master refs/remotes/master [4ms]
[2022-02-21T09:18:32.627Z] > git for-each-ref --sort -committerdate --format %(refname) %(objectname) %(*objectname) [12ms]
[2022-02-21T09:18:32.628Z] > git remote --verbose [2ms]
[2022-02-21T09:18:32.646Z] > git config --get commit.template [3ms]
[2022-02-21T09:18:37.700Z] > git symbolic-ref --short HEAD [5ms]
[2022-02-21T09:18:37.716Z] > git for-each-ref --format=%(refname)%00%(upstream:short)%00%(objectname)%00%(upstream:track) refs/heads/master refs/remotes/master [4ms]
[2022-02-21T09:18:37.733Z] > git for-each-ref --sort -committerdate --format %(refname) %(objectname) %(*objectname) [9ms]
[2022-02-21T09:18:37.733Z] > git remote --verbose [2ms]
[2022-02-21T09:18:37.741Z] > git config --get commit.template [2ms]
[2022-02-21T09:18:42.792Z] > git symbolic-ref --short HEAD [2ms]
[2022-02-21T09:18:42.801Z] > git for-each-ref --format=%(refname)%00%(upstream:short)%00%(objectname)%00%(upstream:track) refs/heads/master refs/remotes/master [2ms]
[2022-02-21T09:18:42.812Z] > git for-each-ref --sort -committerdate --format %(refname) %(objectname) %(*objectname) [6ms]
[2022-02-21T09:18:42.812Z] > git remote --verbose [1ms]
[2022-02-21T09:18:42.820Z] > git config --get commit.template [1ms]
[2022-02-21T09:18:47.942Z] > git symbolic-ref --short HEAD [1ms]
[2022-02-21T09:18:47.948Z] > git for-each-ref --format=%(refname)%00%(upstream:short)%00%(objectname)%00%(upstream:track) refs/heads/master refs/remotes/master [1ms]
[2022-02-21T09:18:47.956Z] > git for-each-ref --sort -committerdate --format %(refname) %(objectname) %(*objectname) [4ms]
[2022-02-21T09:18:47.957Z] > git remote --verbose [1ms]
[2022-02-21T09:18:47.962Z] > git config --get commit.template [1ms]
[2022-02-21T09:18:52.995Z] > git symbolic-ref --short HEAD [2ms]
[2022-02-21T09:18:53.005Z] > git for-each-ref --format=%(refname)%00%(upstream:short)%00%(objectname)%00%(upstream:track) refs/heads/master refs/remotes/master [3ms]
[2022-02-21T09:18:53.021Z] > git for-each-ref --sort -committerdate --format %(refname) %(objectname) %(*objectname) [8ms]
[2022-02-21T09:18:53.022Z] > git remote --verbose [2ms]
[2022-02-21T09:18:53.032Z] > git config --get commit.template [1ms]
[2022-02-21T09:18:58.083Z] > git symbolic-ref --short HEAD [3ms]
[2022-02-21T09:18:58.092Z] > git for-each-ref --format=%(refname)%00%(upstream:short)%00%(objectname)%00%(upstream:track) refs/heads/master refs/remotes/master [2ms]
[2022-02-21T09:18:58.101Z] > git for-each-ref --sort -committerdate --format %(refname) %(objectname) %(*objectname) [5ms]
[2022-02-21T09:18:58.102Z] > git remote --verbose [2ms]
[2022-02-21T09:18:58.110Z] > git config --get commit.template [1ms]
[2022-02-21T09:19:03.157Z] > git symbolic-ref --short HEAD [3ms]
[2022-02-21T09:19:03.171Z] > git for-each-ref --format=%(refname)%00%(upstream:short)%00%(objectname)%00%(upstream:track) refs/heads/master refs/remotes/master [4ms]
[2022-02-21T09:19:03.193Z] > git for-each-ref --sort -committerdate --format %(refname) %(objectname) %(*objectname) [12ms]
[2022-02-21T09:19:03.194Z] > git remote --verbose [3ms]
[2022-02-21T09:19:03.212Z] > git config --get commit.template [3ms]
[2022-02-21T09:19:08.229Z] > git symbolic-ref --short HEAD [0ms]
[2022-02-21T09:19:08.232Z] > git for-each-ref --format=%(refname)%00%(upstream:short)%00%(objectname)%00%(upstream:track) refs/heads/master refs/remotes/master [0ms]
[2022-02-21T09:19:08.238Z] > git for-each-ref --sort -committerdate --format %(refname) %(objectname) %(*objectname) [3ms]
[2022-02-21T09:19:08.239Z] > git remote --verbose [1ms]
[2022-02-21T09:19:08.245Z] > git config --get commit.template [1ms]
[2022-02-21T09:19:38.560Z] > git symbolic-ref --short HEAD [1ms]
[2022-02-21T09:19:38.564Z] > git for-each-ref --format=%(refname)%00%(upstream:short)%00%(objectname)%00%(upstream:track) refs/heads/master refs/remotes/master [1ms]
[2022-02-21T09:19:38.570Z] > git for-each-ref --sort -committerdate --format %(refname) %(objectname) %(*objectname) [3ms]
[2022-02-21T09:19:38.570Z] > git remote --verbose [0ms]
[2022-02-21T09:19:38.577Z] > git config --get commit.template [1ms]
[2022-02-21T09:19:43.593Z] > git symbolic-ref --short HEAD [1ms]
[2022-02-21T09:19:43.596Z] > git for-each-ref --format=%(refname)%00%(upstream:short)%00%(objectname)%00%(upstream:track) refs/heads/master refs/remotes/master [1ms]
[2022-02-21T09:19:43.601Z] > git for-each-ref --sort -committerdate --format %(refname) %(objectname) %(*objectname) [3ms]
[2022-02-21T09:19:43.601Z] > git remote --verbose [1ms]
[2022-02-21T09:19:43.606Z] > git config --get commit.template [0ms]
[2022-02-21T09:19:48.629Z] > git symbolic-ref --short HEAD [1ms]
[2022-02-21T09:19:48.632Z] > git for-each-ref --format=%(refname)%00%(upstream:short)%00%(objectname)%00%(upstream:track) refs/heads/master refs/remotes/master [1ms]
[2022-02-21T09:19:48.636Z] > git for-each-ref --sort -committerdate --format %(refname) %(objectname) %(*objectname) [2ms]
[2022-02-21T09:19:48.637Z] > git remote --verbose [1ms]
[2022-02-21T09:19:48.642Z] > git config --get commit.template [1ms]
[2022-02-21T09:19:53.685Z] > git symbolic-ref --short HEAD [1ms]
[2022-02-21T09:19:53.693Z] > git for-each-ref --format=%(refname)%00%(upstream:short)%00%(objectname)%00%(upstream:track) refs/heads/master refs/remotes/master [2ms]
[2022-02-21T09:19:53.705Z] > git for-each-ref --sort -committerdate --format %(refname) %(objectname) %(*objectname) [7ms]
[2022-02-21T09:19:53.705Z] > git remote --verbose [1ms]
[2022-02-21T09:19:53.716Z] > git config --get commit.template [2ms]
[2022-02-21T09:20:25.651Z] > git symbolic-ref --short HEAD [1ms]
[2022-02-21T09:20:25.656Z] > git for-each-ref --format=%(refname)%00%(upstream:short)%00%(objectname)%00%(upstream:track) refs/heads/master refs/remotes/master [1ms]
[2022-02-21T09:20:25.662Z] > git for-each-ref --sort -committerdate --format %(refname) %(objectname) %(*objectname) [4ms]
[2022-02-21T09:20:25.662Z] > git remote --verbose [1ms]
[2022-02-21T09:20:25.670Z] > git config --get commit.template [2ms]
[2022-02-21T09:20:30.711Z] > git symbolic-ref --short HEAD [1ms]
[2022-02-21T09:20:30.717Z] > git for-each-ref --format=%(refname)%00%(upstream:short)%00%(objectname)%00%(upstream:track) refs/heads/master refs/remotes/master [1ms]
[2022-02-21T09:20:30.725Z] > git for-each-ref --sort -committerdate --format %(refname) %(objectname) %(*objectname) [4ms]
[2022-02-21T09:20:30.725Z] > git remote --verbose [1ms]
[2022-02-21T09:20:30.732Z] > git config --get commit.template [2ms]
[2022-02-21T09:20:31.154Z] > git ls-files --stage -- /home/local/ZOHOCORP/selva-pt4377/self/xecnon/src/app/emailmsg/emailmsg.component.html [2ms]
[2022-02-21T09:20:31.157Z] > git cat-file -s 178d8bc2b47892d223729b58ed5509031e5ee5bd [1ms]
[2022-02-21T09:20:35.747Z] > git symbolic-ref --short HEAD [1ms]
[2022-02-21T09:20:35.750Z] > git for-each-ref --format=%(refname)%00%(upstream:short)%00%(objectname)%00%(upstream:track) refs/heads/master refs/remotes/master [1ms]
[2022-02-21T09:20:35.755Z] > git for-each-ref --sort -committerdate --format %(refname) %(objectname) %(*objectname) [3ms]
[2022-02-21T09:20:35.755Z] > git remote --verbose [1ms]
[2022-02-21T09:20:35.760Z] > git config --get commit.template [0ms]
[2022-02-21T09:20:39.274Z] > git ls-files --stage -- /home/local/ZOHOCORP/selva-pt4377/self/xecnon/src/app/emailmsg/emailmsg.component.css [3ms]
[2022-02-21T09:20:39.287Z] > git cat-file -s 58da1a2f8568a002d5023f60dee5da3aa42296c8 [3ms]
[2022-02-21T09:20:40.808Z] > git symbolic-ref --short HEAD [3ms]
[2022-02-21T09:20:40.821Z] > git for-each-ref --format=%(refname)%00%(upstream:short)%00%(objectname)%00%(upstream:track) refs/heads/master refs/remotes/master [4ms]
[2022-02-21T09:20:40.841Z] > git for-each-ref --sort -committerdate --format %(refname) %(objectname) %(*objectname) [11ms]
[2022-02-21T09:20:40.842Z] > git remote --verbose [3ms]
[2022-02-21T09:20:40.864Z] > git config --get commit.template [4ms]
[2022-02-21T09:20:45.908Z] > git symbolic-ref --short HEAD [1ms]
[2022-02-21T09:20:45.917Z] > git for-each-ref --format=%(refname)%00%(upstream:short)%00%(objectname)%00%(upstream:track) refs/heads/master refs/remotes/master [4ms]
[2022-02-21T09:20:45.929Z] > git for-each-ref --sort -committerdate --format %(refname) %(objectname) %(*objectname) [6ms]
[2022-02-21T09:20:45.929Z] > git remote --verbose [1ms]
[2022-02-21T09:20:45.942Z] > git config --get commit.template [2ms]
[2022-02-21T09:20:48.128Z] > git ls-files --stage -- /home/local/ZOHOCORP/selva-pt4377/self/xecnon/src/app/foot/foot.component.ts [4ms]
[2022-02-21T09:20:48.141Z] > git cat-file -s daf1462e44f0e3281e2ae00786e7acd98478888d [3ms]
[2022-02-21T09:20:49.910Z] > git ls-files --stage -- /home/local/ZOHOCORP/selva-pt4377/self/xecnon/src/app/foot/foot.component.css [3ms]
[2022-02-21T09:20:49.924Z] > git cat-file -s f1cf1dd2ddaf2b2989f994ec81254a6f78a8e8f0 [4ms]
[2022-02-21T09:20:50.988Z] > git symbolic-ref --short HEAD [2ms]
[2022-02-21T09:20:50.995Z] > git for-each-ref --format=%(refname)%00%(upstream:short)%00%(objectname)%00%(upstream:track) refs/heads/master refs/remotes/master [2ms]
[2022-02-21T09:20:51.007Z] > git for-each-ref --sort -committerdate --format %(refname) %(objectname) %(*objectname) [7ms]
[2022-02-21T09:20:51.008Z] > git remote --verbose [2ms]
[2022-02-21T09:20:51.018Z] > git config --get commit.template [2ms]
[2022-02-21T09:20:56.038Z] > git symbolic-ref --short HEAD [0ms]
[2022-02-21T09:20:56.041Z] > git for-each-ref --format=%(refname)%00%(upstream:short)%00%(objectname)%00%(upstream:track) refs/heads/master refs/remotes/master [0ms]
[2022-02-21T09:20:56.046Z] > git for-each-ref --sort -committerdate --format %(refname) %(objectname) %(*objectname) [3ms]
[2022-02-21T09:20:56.046Z] > git remote --verbose [0ms]
[2022-02-21T09:20:56.050Z] > git config --get commit.template [0ms]
[2022-02-21T09:21:01.098Z] > git symbolic-ref --short HEAD [2ms]
[2022-02-21T09:21:01.106Z] > git for-each-ref --format=%(refname)%00%(upstream:short)%00%(objectname)%00%(upstream:track) refs/heads/master refs/remotes/master [2ms]
[2022-02-21T09:21:01.118Z] > git for-each-ref --sort -committerdate --format %(refname) %(objectname) %(*objectname) [6ms]
[2022-02-21T09:21:01.118Z] > git remote --verbose [1ms]
[2022-02-21T09:21:01.128Z] > git config --get commit.template [1ms]
[2022-02-21T09:21:06.146Z] > git symbolic-ref --short HEAD [1ms]
[2022-02-21T09:21:06.151Z] > git for-each-ref --format=%(refname)%00%(upstream:short)%00%(objectname)%00%(upstream:track) refs/heads/master refs/remotes/master [1ms]
[2022-02-21T09:21:06.161Z] > git for-each-ref --sort -committerdate --format %(refname) %(objectname) %(*objectname) [5ms]
[2022-02-21T09:21:06.161Z] > git remote --verbose [1ms]
[2022-02-21T09:21:06.170Z] > git config --get commit.template [2ms]
[2022-02-21T09:23:02.871Z] > git symbolic-ref --short HEAD [1ms]
[2022-02-21T09:23:02.876Z] > git for-each-ref --format=%(refname)%00%(upstream:short)%00%(objectname)%00%(upstream:track) refs/heads/master refs/remotes/master [1ms]
[2022-02-21T09:23:02.883Z] > git for-each-ref --sort -committerdate --format %(refname) %(objectname) %(*objectname) [5ms]
[2022-02-21T09:23:02.883Z] > git remote --verbose [1ms]
[2022-02-21T09:23:02.889Z] > git config --get commit.template [1ms]
[2022-02-21T09:23:05.945Z] > git ls-files --stage -- /home/local/ZOHOCORP/selva-pt4377/self/xecnon/src/app/foot/foot.component.ts [3ms]
[2022-02-21T09:23:05.960Z] > git cat-file -s daf1462e44f0e3281e2ae00786e7acd98478888d [4ms]
[2022-02-21T09:23:07.939Z] > git symbolic-ref --short HEAD [3ms]
[2022-02-21T09:23:07.953Z] > git for-each-ref --format=%(refname)%00%(upstream:short)%00%(objectname)%00%(upstream:track) refs/heads/master refs/remotes/master [4ms]
[2022-02-21T09:23:07.967Z] > git for-each-ref --sort -committerdate --format %(refname) %(objectname) %(*objectname) [7ms]
[2022-02-21T09:23:07.968Z] > git remote --verbose [2ms]
[2022-02-21T09:23:07.976Z] > git config --get commit.template [1ms]
[2022-02-21T09:23:09.834Z] > git ls-files --stage -- /home/local/ZOHOCORP/selva-pt4377/self/xecnon/src/app/homeimg/homeimg.component.html [1ms]
[2022-02-21T09:23:09.837Z] > git cat-file -s 65cd4d0d4936ba45914cc0500096831e83c8273e [0ms]
[2022-02-21T09:23:12.996Z] > git symbolic-ref --short HEAD [1ms]
[2022-02-21T09:23:13.000Z] > git for-each-ref --format=%(refname)%00%(upstream:short)%00%(objectname)%00%(upstream:track) refs/heads/master refs/remotes/master [1ms]
[2022-02-21T09:23:13.005Z] > git for-each-ref --sort -committerdate --format %(refname) %(objectname) %(*objectname) [3ms]
[2022-02-21T09:23:13.005Z] > git remote --verbose [0ms]
[2022-02-21T09:23:13.011Z] > git config --get commit.template [1ms]
[2022-02-21T09:23:18.033Z] > git symbolic-ref --short HEAD [0ms]
[2022-02-21T09:23:18.037Z] > git for-each-ref --format=%(refname)%00%(upstream:short)%00%(objectname)%00%(upstream:track) refs/heads/master refs/remotes/master [1ms]
[2022-02-21T09:23:18.042Z] > git for-each-ref --sort -committerdate --format %(refname) %(objectname) %(*objectname) [3ms]
[2022-02-21T09:23:18.042Z] > git remote --verbose [1ms]
[2022-02-21T09:23:18.048Z] > git config --get commit.template [1ms]
[2022-02-21T09:23:23.097Z] > git symbolic-ref --short HEAD [3ms]
[2022-02-21T09:23:23.111Z] > git for-each-ref --format=%(refname)%00%(upstream:short)%00%(objectname)%00%(upstream:track) refs/heads/master refs/remotes/master [3ms]
[2022-02-21T09:23:23.135Z] > git for-each-ref --sort -committerdate --format %(refname) %(objectname) %(*objectname) [13ms]
[2022-02-21T09:23:23.136Z] > git remote --verbose [3ms]
[2022-02-21T09:23:23.153Z] > git config --get commit.template [3ms]
[2022-02-21T09:23:28.174Z] > git symbolic-ref --short HEAD [1ms]
[2022-02-21T09:23:28.177Z] > git for-each-ref --format=%(refname)%00%(upstream:short)%00%(objectname)%00%(upstream:track) refs/heads/master refs/remotes/master [1ms]
[2022-02-21T09:23:28.183Z] > git for-each-ref --sort -committerdate --format %(refname) %(objectname) %(*objectname) [3ms]
[2022-02-21T09:23:28.183Z] > git remote --verbose [1ms]
[2022-02-21T09:23:28.189Z] > git config --get commit.template [1ms]
[2022-02-21T09:23:33.238Z] > git symbolic-ref --short HEAD [4ms]
[2022-02-21T09:23:33.251Z] > git for-each-ref --format=%(refname)%00%(upstream:short)%00%(objectname)%00%(upstream:track) refs/heads/master refs/remotes/master [3ms]
[2022-02-21T09:23:33.274Z] > git for-each-ref --sort -committerdate --format %(refname) %(objectname) %(*objectname) [13ms]
[2022-02-21T09:23:33.275Z] > git remote --verbose [3ms]
[2022-02-21T09:23:33.297Z] > git config --get commit.template [7ms]
[2022-02-21T09:23:38.313Z] > git symbolic-ref --short HEAD [1ms]
[2022-02-21T09:23:38.317Z] > git for-each-ref --format=%(refname)%00%(upstream:short)%00%(objectname)%00%(upstream:track) refs/heads/master refs/remotes/master [1ms]
[2022-02-21T09:23:38.322Z] > git for-each-ref --sort -committerdate --format %(refname) %(objectname) %(*objectname) [3ms]
[2022-02-21T09:23:38.322Z] > git remote --verbose [1ms]
[2022-02-21T09:23:38.329Z] > git config --get commit.template [2ms]
[2022-02-21T09:23:43.379Z] > git symbolic-ref --short HEAD [4ms]
[2022-02-21T09:23:43.393Z] > git for-each-ref --format=%(refname)%00%(upstream:short)%00%(objectname)%00%(upstream:track) refs/heads/master refs/remotes/master [4ms]
[2022-02-21T09:23:43.418Z] > git for-each-ref --sort -committerdate --format %(refname) %(objectname) %(*objectname) [13ms]
[2022-02-21T09:23:43.419Z] > git remote --verbose [3ms]
[2022-02-21T09:23:43.433Z] > git config --get commit.template [2ms]
[2022-02-21T09:23:48.485Z] > git symbolic-ref --short HEAD [4ms]
[2022-02-21T09:23:48.501Z] > git for-each-ref --format=%(refname)%00%(upstream:short)%00%(objectname)%00%(upstream:track) refs/heads/master refs/remotes/master [4ms]
[2022-02-21T09:23:48.523Z] > git for-each-ref --sort -committerdate --format %(refname) %(objectname) %(*objectname) [12ms]
[2022-02-21T09:23:48.524Z] > git remote --verbose [3ms]
[2022-02-21T09:23:48.538Z] > git config --get commit.template [3ms]
[2022-02-21T09:23:53.583Z] > git symbolic-ref --short HEAD [1ms]
[2022-02-21T09:23:53.591Z] > git for-each-ref --format=%(refname)%00%(upstream:short)%00%(objectname)%00%(upstream:track) refs/heads/master refs/remotes/master [2ms]
[2022-02-21T09:23:53.603Z] > git for-each-ref --sort -committerdate --format %(refname) %(objectname) %(*objectname) [6ms]
[2022-02-21T09:23:53.604Z] > git remote --verbose [2ms]
[2022-02-21T09:23:53.612Z] > git config --get commit.template [2ms]
[2022-02-21T09:23:58.634Z] > git symbolic-ref --short HEAD [1ms]
[2022-02-21T09:23:58.637Z] > git for-each-ref --format=%(refname)%00%(upstream:short)%00%(objectname)%00%(upstream:track) refs/heads/master refs/remotes/master [1ms]
[2022-02-21T09:23:58.642Z] > git for-each-ref --sort -committerdate --format %(refname) %(objectname) %(*objectname) [3ms]
[2022-02-21T09:23:58.642Z] > git remote --verbose [0ms]
[2022-02-21T09:23:58.649Z] > git config --get commit.template [1ms]
[2022-02-21T09:24:00.852Z] > git ls-files --stage -- /home/local/ZOHOCORP/selva-pt4377/self/xecnon/src/app/homeimg/homeimg.component.css [3ms]
[2022-02-21T09:24:00.866Z] > git cat-file -s 2748b50fa6d9e89696e6f006e5e71369a8fa1a8d [4ms]
[2022-02-21T09:24:03.667Z] > git symbolic-ref --short HEAD [1ms]
[2022-02-21T09:24:03.674Z] > git for-each-ref --format=%(refname)%00%(upstream:short)%00%(objectname)%00%(upstream:track) refs/heads/master refs/remotes/master [3ms]
[2022-02-21T09:24:03.683Z] > git for-each-ref --sort -committerdate --format %(refname) %(objectname) %(*objectname) [4ms]
[2022-02-21T09:24:03.684Z] > git remote --verbose [1ms]
[2022-02-21T09:24:03.691Z] > git config --get commit.template [1ms]
[2022-02-21T09:24:08.747Z] > git symbolic-ref --short HEAD [3ms]
[2022-02-21T09:24:08.761Z] > git for-each-ref --format=%(refname)%00%(upstream:short)%00%(objectname)%00%(upstream:track) refs/heads/master refs/remotes/master [4ms]
[2022-02-21T09:24:08.782Z] > git for-each-ref --sort -committerdate --format %(refname) %(objectname) %(*objectname) [11ms]
[2022-02-21T09:24:08.783Z] > git remote --verbose [3ms]
[2022-02-21T09:24:08.799Z] > git config --get commit.template [3ms]
[2022-02-21T09:24:13.847Z] > git symbolic-ref --short HEAD [3ms]
[2022-02-21T09:24:13.861Z] > git for-each-ref --format=%(refname)%00%(upstream:short)%00%(objectname)%00%(upstream:track) refs/heads/master refs/remotes/master [3ms]
[2022-02-21T09:24:13.883Z] > git for-each-ref --sort -committerdate --format %(refname) %(objectname) %(*objectname) [11ms]
[2022-02-21T09:24:13.883Z] > git remote --verbose [2ms]
[2022-02-21T09:24:13.893Z] > git config --get commit.template [1ms]
[2022-02-21T09:24:29.719Z] > git symbolic-ref --short HEAD [0ms]
[2022-02-21T09:24:29.724Z] > git for-each-ref --format=%(refname)%00%(upstream:short)%00%(objectname)%00%(upstream:track) refs/heads/master refs/remotes/master [1ms]
[2022-02-21T09:24:29.731Z] > git for-each-ref --sort -committerdate --format %(refname) %(objectname) %(*objectname) [3ms]
[2022-02-21T09:24:29.732Z] > git remote --verbose [1ms]
[2022-02-21T09:24:29.736Z] > git config --get commit.template [1ms]
[2022-02-21T09:24:34.756Z] > git symbolic-ref --short HEAD [1ms]
[2022-02-21T09:24:34.759Z] > git for-each-ref --format=%(refname)%00%(upstream:short)%00%(objectname)%00%(upstream:track) refs/heads/master refs/remotes/master [1ms]
[2022-02-21T09:24:34.765Z] > git for-each-ref --sort -committerdate --format %(refname) %(objectname) %(*objectname) [3ms]
[2022-02-21T09:24:34.765Z] > git remote --verbose [1ms]
[2022-02-21T09:24:34.770Z] > git config --get commit.template [1ms]
[2022-02-21T09:24:39.790Z] > git symbolic-ref --short HEAD [1ms]
[2022-02-21T09:24:39.793Z] > git for-each-ref --format=%(refname)%00%(upstream:short)%00%(objectname)%00%(upstream:track) refs/heads/master refs/remotes/master [1ms]
[2022-02-21T09:24:39.799Z] > git for-each-ref --sort -committerdate --format %(refname) %(objectname) %(*objectname) [3ms]
[2022-02-21T09:24:39.799Z] > git remote --verbose [0ms]
[2022-02-21T09:24:39.804Z] > git config --get commit.template [1ms]
[2022-02-21T09:24:44.821Z] > git symbolic-ref --short HEAD [1ms]
[2022-02-21T09:24:44.824Z] > git for-each-ref --format=%(refname)%00%(upstream:short)%00%(objectname)%00%(upstream:track) refs/heads/master refs/remotes/master [1ms]
[2022-02-21T09:24:44.831Z] > git for-each-ref --sort -committerdate --format %(refname) %(objectname) %(*objectname) [3ms]
[2022-02-21T09:24:44.832Z] > git remote --verbose [2ms]
[2022-02-21T09:24:44.839Z] > git config --get commit.template [2ms]
[2022-02-21T09:24:49.889Z] > git symbolic-ref --short HEAD [3ms]
[2022-02-21T09:24:49.902Z] > git for-each-ref --format=%(refname)%00%(upstream:short)%00%(objectname)%00%(upstream:track) refs/heads/master refs/remotes/master [3ms]
[2022-02-21T09:24:49.916Z] > git for-each-ref --sort -committerdate --format %(refname) %(objectname) %(*objectname) [7ms]
[2022-02-21T09:24:49.916Z] > git remote --verbose [1ms]
[2022-02-21T09:24:49.928Z] > git config --get commit.template [2ms]
[2022-02-21T09:24:54.949Z] > git symbolic-ref --short HEAD [1ms]
[2022-02-21T09:24:54.955Z] > git for-each-ref --format=%(refname)%00%(upstream:short)%00%(objectname)%00%(upstream:track) refs/heads/master refs/remotes/master [1ms]
[2022-02-21T09:24:54.966Z] > git for-each-ref --sort -committerdate --format %(refname) %(objectname) %(*objectname) [6ms]
[2022-02-21T09:24:54.966Z] > git remote --verbose [1ms]
[2022-02-21T09:24:54.976Z] > git config --get commit.template [2ms]
[2022-02-21T09:24:59.998Z] > git symbolic-ref --short HEAD [1ms]
[2022-02-21T09:25:00.001Z] > git for-each-ref --format=%(refname)%00%(upstream:short)%00%(objectname)%00%(upstream:track) refs/heads/master refs/remotes/master [1ms]
[2022-02-21T09:25:00.006Z] > git for-each-ref --sort -committerdate --format %(refname) %(objectname) %(*objectname) [3ms]
[2022-02-21T09:25:00.006Z] > git remote --verbose [0ms]
[2022-02-21T09:25:00.013Z] > git config --get commit.template [2ms]
[2022-02-21T09:25:05.059Z] > git symbolic-ref --short HEAD [2ms]
[2022-02-21T09:25:05.067Z] > git for-each-ref --format=%(refname)%00%(upstream:short)%00%(objectname)%00%(upstream:track) refs/heads/master refs/remotes/master [2ms]
[2022-02-21T09:25:05.079Z] > git for-each-ref --sort -committerdate --format %(refname) %(objectname) %(*objectname) [7ms]
[2022-02-21T09:25:05.079Z] > git remote --verbose [2ms]
[2022-02-21T09:25:05.090Z] > git config --get commit.template [3ms]
[2022-02-21T09:25:10.111Z] > git symbolic-ref --short HEAD [0ms]
[2022-02-21T09:25:10.114Z] > git for-each-ref --format=%(refname)%00%(upstream:short)%00%(objectname)%00%(upstream:track) refs/heads/master refs/remotes/master [0ms]
[2022-02-21T09:25:10.119Z] > git for-each-ref --sort -committerdate --format %(refname) %(objectname) %(*objectname) [2ms]
[2022-02-21T09:25:10.119Z] > git remote --verbose [0ms]
[2022-02-21T09:25:10.124Z] > git config --get commit.template [1ms]
[2022-02-21T09:25:15.141Z] > git symbolic-ref --short HEAD [1ms]
[2022-02-21T09:25:15.145Z] > git for-each-ref --format=%(refname)%00%(upstream:short)%00%(objectname)%00%(upstream:track) refs/heads/master refs/remotes/master [2ms]
[2022-02-21T09:25:15.150Z] > git for-each-ref --sort -committerdate --format %(refname) %(objectname) %(*objectname) [3ms]
[2022-02-21T09:25:15.150Z] > git remote --verbose [1ms]
[2022-02-21T09:25:15.155Z] > git config --get commit.template [1ms]
[2022-02-21T09:25:20.202Z] > git symbolic-ref --short HEAD [1ms]
[2022-02-21T09:25:20.209Z] > git for-each-ref --format=%(refname)%00%(upstream:short)%00%(objectname)%00%(upstream:track) refs/heads/master refs/remotes/master [2ms]
[2022-02-21T09:25:20.218Z] > git for-each-ref --sort -committerdate --format %(refname) %(objectname) %(*objectname) [4ms]
[2022-02-21T09:25:20.218Z] > git remote --verbose [0ms]
[2022-02-21T09:25:20.225Z] > git config --get commit.template [1ms]
[2022-02-21T09:25:25.273Z] > git symbolic-ref --short HEAD [3ms]
[2022-02-21T09:25:25.287Z] > git for-each-ref --format=%(refname)%00%(upstream:short)%00%(objectname)%00%(upstream:track) refs/heads/master refs/remotes/master [3ms]
[2022-02-21T09:25:25.310Z] > git for-each-ref --sort -committerdate --format %(refname) %(objectname) %(*objectname) [11ms]
[2022-02-21T09:25:25.311Z] > git remote --verbose [3ms]
[2022-02-21T09:25:25.328Z] > git config --get commit.template [2ms]
[2022-02-21T09:25:30.348Z] > git symbolic-ref --short HEAD [1ms]
[2022-02-21T09:25:30.351Z] > git for-each-ref --format=%(refname)%00%(upstream:short)%00%(objectname)%00%(upstream:track) refs/heads/master refs/remotes/master [1ms]
[2022-02-21T09:25:30.356Z] > git for-each-ref --sort -committerdate --format %(refname) %(objectname) %(*objectname) [3ms]
[2022-02-21T09:25:30.356Z] > git remote --verbose [0ms]
[2022-02-21T09:25:30.362Z] > git config --get commit.template [1ms]
[2022-02-21T09:25:35.380Z] > git symbolic-ref --short HEAD [1ms]
[2022-02-21T09:25:35.383Z] > git for-each-ref --format=%(refname)%00%(upstream:short)%00%(objectname)%00%(upstream:track) refs/heads/master refs/remotes/master [0ms]
[2022-02-21T09:25:35.388Z] > git for-each-ref --sort -committerdate --format %(refname) %(objectname) %(*objectname) [2ms]
[2022-02-21T09:25:35.389Z] > git remote --verbose [1ms]
[2022-02-21T09:25:35.395Z] > git config --get commit.template [1ms]
[2022-02-21T09:25:51.947Z] > git symbolic-ref --short HEAD [1ms]
[2022-02-21T09:25:51.952Z] > git for-each-ref --format=%(refname)%00%(upstream:short)%00%(objectname)%00%(upstream:track) refs/heads/master refs/remotes/master [1ms]
[2022-02-21T09:25:51.960Z] > git for-each-ref --sort -committerdate --format %(refname) %(objectname) %(*objectname) [5ms]
[2022-02-21T09:25:51.960Z] > git remote --verbose [1ms]
[2022-02-21T09:25:51.965Z] > git config --get commit.template [0ms]
[2022-02-21T09:25:59.174Z] > git symbolic-ref --short HEAD [1ms]
[2022-02-21T09:25:59.179Z] > git for-each-ref --format=%(refname)%00%(upstream:short)%00%(objectname)%00%(upstream:track) refs/heads/master refs/remotes/master [1ms]
[2022-02-21T09:25:59.185Z] > git for-each-ref --sort -committerdate --format %(refname) %(objectname) %(*objectname) [3ms]
[2022-02-21T09:25:59.185Z] > git remote --verbose [0ms]
[2022-02-21T09:25:59.192Z] > git config --get commit.template [0ms]
[2022-02-21T09:26:04.240Z] > git symbolic-ref --short HEAD [3ms]
[2022-02-21T09:26:04.247Z] > git for-each-ref --format=%(refname)%00%(upstream:short)%00%(objectname)%00%(upstream:track) refs/heads/master refs/remotes/master [0ms]
[2022-02-21T09:26:04.252Z] > git for-each-ref --sort -committerdate --format %(refname) %(objectname) %(*objectname) [2ms]
[2022-02-21T09:26:04.252Z] > git remote --verbose [0ms]
[2022-02-21T09:26:04.258Z] > git config --get commit.template [1ms]
[2022-02-21T09:26:09.275Z] > git symbolic-ref --short HEAD [1ms]
[2022-02-21T09:26:09.279Z] > git for-each-ref --format=%(refname)%00%(upstream:short)%00%(objectname)%00%(upstream:track) refs/heads/master refs/remotes/master [1ms]
[2022-02-21T09:26:09.284Z] > git for-each-ref --sort -committerdate --format %(refname) %(objectname) %(*objectname) [2ms]
[2022-02-21T09:26:09.285Z] > git remote --verbose [1ms]
[2022-02-21T09:26:09.291Z] > git config --get commit.template [1ms]
[2022-02-21T09:26:14.307Z] > git symbolic-ref --short HEAD [1ms]
[2022-02-21T09:26:14.311Z] > git for-each-ref --format=%(refname)%00%(upstream:short)%00%(objectname)%00%(upstream:track) refs/heads/master refs/remotes/master [1ms]
[2022-02-21T09:26:14.316Z] > git for-each-ref --sort -committerdate --format %(refname) %(objectname) %(*objectname) [3ms]
[2022-02-21T09:26:14.316Z] > git remote --verbose [0ms]
[2022-02-21T09:26:14.321Z] > git config --get commit.template [1ms]
